2014-04-25 15:02:01,520 INFO - using logger: com.alibaba.dubbo.common.logger.log4j.Log4jLoggerAdapter [com.alibaba.dubbo.common.logger.LoggerFactory]
2014-04-25 15:02:01,589 INFO -  [DUBBO] Use container type([spring]) to run dubbo serivce., dubbo version: 2.4.10, current host: 127.0.0.1 [com.alibaba.dubbo.container.Main]
2014-04-25 15:02:01,674 INFO - Refreshing org.springframework.context.support.ClassPathXmlApplicationContext@4bd53f5b: startup date [Fri Apr 25 15:02:01 GMT+08:00 2014]; root of context hierarchy [org.springframework.context.support.ClassPathXmlApplicationContext]
2014-04-25 15:02:01,741 INFO - Loading XML bean definitions from file [D:\Java\workspaces\eclipse-jee\haiegoo\trunk\hai-srv-commons\target\classes\spring-beans.xml] [org.springframework.beans.factory.xml.XmlBeanDefinitionReader]
2014-04-25 15:02:01,873 INFO - Loading XML bean definitions from file [D:\Java\workspaces\eclipse-jee\haiegoo\trunk\hai-srv-commons\target\classes\spring-context.xml] [org.springframework.beans.factory.xml.XmlBeanDefinitionReader]
2014-04-25 15:02:01,967 INFO - Loading XML bean definitions from file [D:\Java\workspaces\eclipse-jee\haiegoo\trunk\hai-srv-commons\target\classes\spring-dao.xml] [org.springframework.beans.factory.xml.XmlBeanDefinitionReader]
2014-04-25 15:02:02,044 INFO - Loading XML bean definitions from file [D:\Java\workspaces\eclipse-jee\haiegoo\trunk\hai-srv-commons\target\classes\spring-dubbo.xml] [org.springframework.beans.factory.xml.XmlBeanDefinitionReader]
2014-04-25 15:02:02,338 INFO - Loading properties file from class path resource [dubbo.properties] [com.haiegoo.framework.config.PropertyPlaceholderConfigurer]
2014-04-25 15:02:02,339 INFO - Loading properties file from file [D:\Java\workspaces\eclipse-jee\haiegoo\trunk\hai-srv-commons\bin\conf\dev\cache.conf] [com.haiegoo.framework.config.PropertyPlaceholderConfigurer]
2014-04-25 15:02:02,339 INFO - Loading properties file from file [D:\Java\workspaces\eclipse-jee\haiegoo\trunk\hai-srv-commons\bin\conf\dev\dubbo.conf] [com.haiegoo.framework.config.PropertyPlaceholderConfigurer]
2014-04-25 15:02:02,339 INFO - Loading properties file from file [D:\Java\workspaces\eclipse-jee\haiegoo\trunk\hai-srv-commons\bin\conf\dev\jdbc.conf] [com.haiegoo.framework.config.PropertyPlaceholderConfigurer]
2014-04-25 15:02:02,395 INFO - Pre-instantiating singletons in org.springframework.beans.factory.support.DefaultListableBeanFactory@3488b1e6: defining beans [baseService,enumsService,org.springframework.context.annotation.internalConfigurationAnnotationProcessor,org.springframework.context.annotation.internalAutowiredAnnotationProcessor,org.springframework.context.annotation.internalRequiredAnnotationProcessor,org.springframework.context.annotation.internalCommonAnnotationProcessor,com.haiegoo.framework.config.PropertyPlaceholderConfigurer#0,memcachedClient,threadPoolTaskExecutor,sqlMapClientCommons,transactionManager,org.springframework.aop.config.internalAutoProxyCreator,org.springframework.transaction.annotation.AnnotationTransactionAttributeSource#0,org.springframework.transaction.interceptor.TransactionInterceptor#0,org.springframework.transaction.config.internalTransactionAdvisor,com.haiegoo.framework.ibatis.cache.MemcachedController#0,hai-srv-commons,com.alibaba.dubbo.config.RegistryConfig,dubbo,com.alibaba.dubbo.config.ProviderConfig,com.haiegoo.commons.service.config.EnumsService,org.springframework.context.annotation.ConfigurationClassPostProcessor.importAwareProcessor]; root of factory hierarchy [org.springframework.beans.factory.support.DefaultListableBeanFactory]
2014-04-25 15:02:02,449 INFO - Using Slf4J for logging. [com.atomikos.logging.LoggerFactory]
2014-04-25 15:02:02,462 INFO - AtomikosDataSoureBean 'haiegoo/commons': init... [com.atomikos.jdbc.AbstractDataSourceBean]
2014-04-25 15:02:02,487 INFO - AtomikosDataSoureBean 'haiegoo/commons': initializing with [ xaDataSourceClassName=com.mysql.jdbc.jdbc2.optional.MysqlXADataSource, uniqueResourceName=haiegoo/commons, maxPoolSize=50, minPoolSize=5, borrowConnectionTimeout=30, maxIdleTime=60, reapTimeout=0, maintenanceInterval=60, testQuery=select 1, xaProperties=[user=root,password=mfkjesk,url=jdbc:mysql://122.224.171.132:3306/hai_commons?useUnicode=true&characterEncoding=utf8&zeroDateTimeBehavior=convertToNull] loginTimeout=0] [com.atomikos.jdbc.AtomikosDataSourceBean]
2014-04-25 15:02:02,967 INFO - THREADS: using JDK thread pooling... [com.atomikos.icatch.imp.thread.TaskManager]
2014-04-25 15:02:03,156 INFO - Initializing ExecutorService  'threadPoolTaskExecutor' [org.springframework.scheduling.concurrent.ThreadPoolTaskExecutor]
2014-04-25 15:02:03,186 WARN - No properties path set - looking for transactions.properties in classpath... [com.atomikos.icatch.config.UserTransactionServiceImp]
2014-04-25 15:02:03,187 WARN - transactions.properties not found - looking for jta.properties in classpath... [com.atomikos.icatch.config.UserTransactionServiceImp]
2014-04-25 15:02:03,187 WARN - Using init file: /D:/Java/workspaces/eclipse-jee/haiegoo/trunk/hai-srv-commons/target/classes/jta.properties [com.atomikos.icatch.config.UserTransactionServiceImp]
2014-04-25 15:02:03,222 INFO - Starting read of logfile D:\Java\workspaces\eclipse-jee\haiegoo\trunk\hai-srv-commons\bin\logs\tmlog1.log [com.atomikos.persistence.imp.FileLogStream]
2014-04-25 15:02:03,222 INFO - Done read of logfile [com.atomikos.persistence.imp.FileLogStream]
2014-04-25 15:02:03,222 INFO - Logfile closed: D:\Java\workspaces\eclipse-jee\haiegoo\trunk\hai-srv-commons\bin\logs\tmlog1.log [com.atomikos.persistence.imp.FileLogStream]
2014-04-25 15:02:03,282 INFO - haiegoo/commons: refreshed XAResource [com.atomikos.datasource.xa.XATransactionalResource]
2014-04-25 15:02:03,295 INFO - USING core version: 3.8.0 [com.atomikos.icatch.config.imp.AbstractUserTransactionService]
2014-04-25 15:02:03,295 INFO - USING com.atomikos.icatch.console_file_name = tm.out [com.atomikos.icatch.config.imp.AbstractUserTransactionService]
2014-04-25 15:02:03,295 INFO - USING com.atomikos.icatch.console_file_count = 1 [com.atomikos.icatch.config.imp.AbstractUserTransactionService]
2014-04-25 15:02:03,295 INFO - USING com.atomikos.icatch.automatic_resource_registration = true [com.atomikos.icatch.config.imp.AbstractUserTransactionService]
2014-04-25 15:02:03,295 INFO - USING com.atomikos.icatch.client_demarcation = false [com.atomikos.icatch.config.imp.AbstractUserTransactionService]
2014-04-25 15:02:03,295 INFO - USING com.atomikos.icatch.threaded_2pc = false [com.atomikos.icatch.config.imp.AbstractUserTransactionService]
2014-04-25 15:02:03,295 INFO - USING com.atomikos.icatch.serial_jta_transactions = true [com.atomikos.icatch.config.imp.AbstractUserTransactionService]
2014-04-25 15:02:03,295 INFO - USING com.atomikos.icatch.log_base_dir = logs/ [com.atomikos.icatch.config.imp.AbstractUserTransactionService]
2014-04-25 15:02:03,295 INFO - USING com.atomikos.icatch.console_log_level = WARN [com.atomikos.icatch.config.imp.AbstractUserTransactionService]
2014-04-25 15:02:03,295 INFO - USING com.atomikos.icatch.max_actives = 50 [com.atomikos.icatch.config.imp.AbstractUserTransactionService]
2014-04-25 15:02:03,295 INFO - USING com.atomikos.icatch.checkpoint_interval = 500 [com.atomikos.icatch.config.imp.AbstractUserTransactionService]
2014-04-25 15:02:03,295 INFO - USING com.atomikos.icatch.enable_logging = true [com.atomikos.icatch.config.imp.AbstractUserTransactionService]
2014-04-25 15:02:03,295 INFO - USING com.atomikos.icatch.output_dir = .\ [com.atomikos.icatch.config.imp.AbstractUserTransactionService]
2014-04-25 15:02:03,295 INFO - USING com.atomikos.icatch.log_base_name = tmlog [com.atomikos.icatch.config.imp.AbstractUserTransactionService]
2014-04-25 15:02:03,296 INFO - USING com.atomikos.icatch.console_file_limit = -1 [com.atomikos.icatch.config.imp.AbstractUserTransactionService]
2014-04-25 15:02:03,296 INFO - USING com.atomikos.icatch.max_timeout = 300000 [com.atomikos.icatch.config.imp.AbstractUserTransactionService]
2014-04-25 15:02:03,296 INFO - USING com.atomikos.icatch.tm_unique_name = 10.14.21.17.tm [com.atomikos.icatch.config.imp.AbstractUserTransactionService]
2014-04-25 15:02:03,296 INFO - USING java.naming.factory.initial = com.sun.jndi.rmi.registry.RegistryContextFactory [com.atomikos.icatch.config.imp.AbstractUserTransactionService]
2014-04-25 15:02:03,296 INFO - USING java.naming.provider.url = rmi://localhost:1099 [com.atomikos.icatch.config.imp.AbstractUserTransactionService]
2014-04-25 15:02:03,296 INFO - USING com.atomikos.icatch.service = com.atomikos.icatch.standalone.UserTransactionServiceFactory [com.atomikos.icatch.config.imp.AbstractUserTransactionService]
2014-04-25 15:02:03,296 INFO - USING com.atomikos.icatch.force_shutdown_on_vm_exit = false [com.atomikos.icatch.config.imp.AbstractUserTransactionService]
2014-04-25 15:02:03,296 INFO - USING com.atomikos.icatch.default_jta_timeout = 10000 [com.atomikos.icatch.config.imp.AbstractUserTransactionService]
2014-04-25 15:02:03,305 INFO - Using JTA UserTransaction: com.atomikos.icatch.jta.UserTransactionImp@15e8e5a7 [org.springframework.transaction.jta.JtaTransactionManager]
2014-04-25 15:02:03,305 INFO - Using JTA TransactionManager: com.atomikos.icatch.jta.UserTransactionManager@6d3d422d [org.springframework.transaction.jta.JtaTransactionManager]
2014-04-25 15:02:03,335 WARN - XMemcachedClient use Text protocol [net.rubyeye.xmemcached.XMemcachedClient]
2014-04-25 15:02:03,372 INFO - Creating 8 reactors... [com.google.code.yanf4j.nio.impl.SelectorManager]
2014-04-25 15:02:03,416 WARN - The Controller started at localhost/127.0.0.1:0 ... [com.google.code.yanf4j.core.impl.AbstractController]
2014-04-25 15:02:03,433 WARN - Add a session: 122.224.171.132:11211 [com.google.code.yanf4j.core.impl.AbstractController]
2014-04-25 15:02:03,441 WARN - Add a session: 122.224.171.132:11211 [com.google.code.yanf4j.core.impl.AbstractController]
2014-04-25 15:02:03,449 WARN - Add a session: 122.224.171.132:11211 [com.google.code.yanf4j.core.impl.AbstractController]
2014-04-25 15:02:03,459 WARN - Add a session: 122.224.171.132:11211 [com.google.code.yanf4j.core.impl.AbstractController]
2014-04-25 15:02:03,470 WARN - Add a session: 122.224.171.132:11211 [com.google.code.yanf4j.core.impl.AbstractController]
2014-04-25 15:02:03,771 INFO -  [DUBBO] The service ready on spring started. service: com.haiegoo.commons.service.config.EnumsService, dubbo version: 2.4.10, current host: 127.0.0.1 [com.alibaba.dubbo.config.AbstractConfig]
2014-04-25 15:02:03,911 INFO -  [DUBBO] Export dubbo service com.haiegoo.commons.service.config.EnumsService to local registry, dubbo version: 2.4.10, current host: 127.0.0.1 [com.alibaba.dubbo.config.AbstractConfig]
2014-04-25 15:02:03,911 INFO -  [DUBBO] Export dubbo service com.haiegoo.commons.service.config.EnumsService to url dubbo://10.14.21.17:20880/com.haiegoo.commons.service.config.EnumsService?accesslog=true&anyhost=true&application=hai-srv-commons&default.register=false&default.timeout=10000&dubbo=2.4.10&interface=com.haiegoo.commons.service.config.EnumsService&methods=addEnums,getEnumsByText,getEnumsByKey,delEnums,getEnumsList,getEnumsByValue,getEnums,editEnums&owner=linpn&pid=4684&revision=1.0&serialization=java&side=provider&timestamp=1398409323784&version=1.0, dubbo version: 2.4.10, current host: 127.0.0.1 [com.alibaba.dubbo.config.AbstractConfig]
2014-04-25 15:02:04,046 INFO -  [DUBBO] Start NettyServer bind /0.0.0.0:20880, export /10.14.21.17:20880, dubbo version: 2.4.10, current host: 127.0.0.1 [com.alibaba.dubbo.remoting.transport.AbstractServer]
2014-04-25 15:02:04,049 INFO -  [DUBBO] Dubbo SpringContainer started!, dubbo version: 2.4.10, current host: 127.0.0.1 [com.alibaba.dubbo.container.Main]
2014-04-25 15:02:23,968 INFO - using logger: com.alibaba.dubbo.common.logger.log4j.Log4jLoggerAdapter [com.alibaba.dubbo.common.logger.LoggerFactory]
2014-04-25 15:02:24,029 INFO -  [DUBBO] Use container type([spring]) to run dubbo serivce., dubbo version: 2.4.10, current host: 127.0.0.1 [com.alibaba.dubbo.container.Main]
2014-04-25 15:02:24,112 INFO - Refreshing org.springframework.context.support.ClassPathXmlApplicationContext@4bd53f5b: startup date [Fri Apr 25 15:02:24 GMT+08:00 2014]; root of context hierarchy [org.springframework.context.support.ClassPathXmlApplicationContext]
2014-04-25 15:02:24,172 INFO - Loading XML bean definitions from file [D:\Java\workspaces\eclipse-jee\haiegoo\trunk\hai-srv-commons\target\classes\spring-beans.xml] [org.springframework.beans.factory.xml.XmlBeanDefinitionReader]
2014-04-25 15:02:24,310 INFO - Loading XML bean definitions from file [D:\Java\workspaces\eclipse-jee\haiegoo\trunk\hai-srv-commons\target\classes\spring-context.xml] [org.springframework.beans.factory.xml.XmlBeanDefinitionReader]
2014-04-25 15:02:24,408 INFO - Loading XML bean definitions from file [D:\Java\workspaces\eclipse-jee\haiegoo\trunk\hai-srv-commons\target\classes\spring-dao.xml] [org.springframework.beans.factory.xml.XmlBeanDefinitionReader]
2014-04-25 15:02:24,490 INFO - Loading XML bean definitions from file [D:\Java\workspaces\eclipse-jee\haiegoo\trunk\hai-srv-commons\target\classes\spring-dubbo.xml] [org.springframework.beans.factory.xml.XmlBeanDefinitionReader]
2014-04-25 15:02:24,778 INFO - Loading properties file from class path resource [dubbo.properties] [com.haiegoo.framework.config.PropertyPlaceholderConfigurer]
2014-04-25 15:02:24,778 INFO - Loading properties file from file [D:\Java\workspaces\eclipse-jee\haiegoo\trunk\hai-srv-commons\bin\conf\dev\cache.conf] [com.haiegoo.framework.config.PropertyPlaceholderConfigurer]
2014-04-25 15:02:24,779 INFO - Loading properties file from file [D:\Java\workspaces\eclipse-jee\haiegoo\trunk\hai-srv-commons\bin\conf\dev\dubbo.conf] [com.haiegoo.framework.config.PropertyPlaceholderConfigurer]
2014-04-25 15:02:24,779 INFO - Loading properties file from file [D:\Java\workspaces\eclipse-jee\haiegoo\trunk\hai-srv-commons\bin\conf\dev\jdbc.conf] [com.haiegoo.framework.config.PropertyPlaceholderConfigurer]
2014-04-25 15:02:24,825 INFO - Pre-instantiating singletons in org.springframework.beans.factory.support.DefaultListableBeanFactory@7a578dfb: defining beans [baseService,enumsService,org.springframework.context.annotation.internalConfigurationAnnotationProcessor,org.springframework.context.annotation.internalAutowiredAnnotationProcessor,org.springframework.context.annotation.internalRequiredAnnotationProcessor,org.springframework.context.annotation.internalCommonAnnotationProcessor,com.haiegoo.framework.config.PropertyPlaceholderConfigurer#0,memcachedClient,threadPoolTaskExecutor,sqlMapClientCommons,transactionManager,org.springframework.aop.config.internalAutoProxyCreator,org.springframework.transaction.annotation.AnnotationTransactionAttributeSource#0,org.springframework.transaction.interceptor.TransactionInterceptor#0,org.springframework.transaction.config.internalTransactionAdvisor,com.haiegoo.framework.ibatis.cache.MemcachedController#0,hai-srv-commons,com.alibaba.dubbo.config.RegistryConfig,dubbo,com.alibaba.dubbo.config.ProviderConfig,com.haiegoo.commons.service.config.EnumsService,org.springframework.context.annotation.ConfigurationClassPostProcessor.importAwareProcessor]; root of factory hierarchy [org.springframework.beans.factory.support.DefaultListableBeanFactory]
2014-04-25 15:02:24,878 INFO - Using Slf4J for logging. [com.atomikos.logging.LoggerFactory]
2014-04-25 15:02:24,890 INFO - AtomikosDataSoureBean 'haiegoo/commons': init... [com.atomikos.jdbc.AbstractDataSourceBean]
2014-04-25 15:02:24,917 INFO - AtomikosDataSoureBean 'haiegoo/commons': initializing with [ xaDataSourceClassName=com.mysql.jdbc.jdbc2.optional.MysqlXADataSource, uniqueResourceName=haiegoo/commons, maxPoolSize=50, minPoolSize=5, borrowConnectionTimeout=30, maxIdleTime=60, reapTimeout=0, maintenanceInterval=60, testQuery=select 1, xaProperties=[user=root,password=mfkjesk,url=jdbc:mysql://122.224.171.132:3306/hai_commons?useUnicode=true&characterEncoding=utf8&zeroDateTimeBehavior=convertToNull] loginTimeout=0] [com.atomikos.jdbc.AtomikosDataSourceBean]
2014-04-25 15:02:25,466 INFO - THREADS: using JDK thread pooling... [com.atomikos.icatch.imp.thread.TaskManager]
2014-04-25 15:02:25,656 INFO - Initializing ExecutorService  'threadPoolTaskExecutor' [org.springframework.scheduling.concurrent.ThreadPoolTaskExecutor]
2014-04-25 15:02:25,683 WARN - No properties path set - looking for transactions.properties in classpath... [com.atomikos.icatch.config.UserTransactionServiceImp]
2014-04-25 15:02:25,684 WARN - transactions.properties not found - looking for jta.properties in classpath... [com.atomikos.icatch.config.UserTransactionServiceImp]
2014-04-25 15:02:25,684 WARN - Using init file: /D:/Java/workspaces/eclipse-jee/haiegoo/trunk/hai-srv-commons/target/classes/jta.properties [com.atomikos.icatch.config.UserTransactionServiceImp]
2014-04-25 15:02:25,717 INFO - Starting read of logfile D:\Java\workspaces\eclipse-jee\haiegoo\trunk\hai-srv-commons\bin\logs\tmlog2.log [com.atomikos.persistence.imp.FileLogStream]
2014-04-25 15:02:25,717 INFO - Done read of logfile [com.atomikos.persistence.imp.FileLogStream]
2014-04-25 15:02:25,718 INFO - Logfile closed: D:\Java\workspaces\eclipse-jee\haiegoo\trunk\hai-srv-commons\bin\logs\tmlog2.log [com.atomikos.persistence.imp.FileLogStream]
2014-04-25 15:02:25,813 INFO - haiegoo/commons: refreshed XAResource [com.atomikos.datasource.xa.XATransactionalResource]
2014-04-25 15:02:25,825 INFO - USING core version: 3.8.0 [com.atomikos.icatch.config.imp.AbstractUserTransactionService]
2014-04-25 15:02:25,826 INFO - USING com.atomikos.icatch.console_file_name = tm.out [com.atomikos.icatch.config.imp.AbstractUserTransactionService]
2014-04-25 15:02:25,826 INFO - USING com.atomikos.icatch.console_file_count = 1 [com.atomikos.icatch.config.imp.AbstractUserTransactionService]
2014-04-25 15:02:25,826 INFO - USING com.atomikos.icatch.automatic_resource_registration = true [com.atomikos.icatch.config.imp.AbstractUserTransactionService]
2014-04-25 15:02:25,826 INFO - USING com.atomikos.icatch.client_demarcation = false [com.atomikos.icatch.config.imp.AbstractUserTransactionService]
2014-04-25 15:02:25,826 INFO - USING com.atomikos.icatch.threaded_2pc = false [com.atomikos.icatch.config.imp.AbstractUserTransactionService]
2014-04-25 15:02:25,826 INFO - USING com.atomikos.icatch.serial_jta_transactions = true [com.atomikos.icatch.config.imp.AbstractUserTransactionService]
2014-04-25 15:02:25,826 INFO - USING com.atomikos.icatch.log_base_dir = logs/ [com.atomikos.icatch.config.imp.AbstractUserTransactionService]
2014-04-25 15:02:25,826 INFO - USING com.atomikos.icatch.console_log_level = WARN [com.atomikos.icatch.config.imp.AbstractUserTransactionService]
2014-04-25 15:02:25,826 INFO - USING com.atomikos.icatch.max_actives = 50 [com.atomikos.icatch.config.imp.AbstractUserTransactionService]
2014-04-25 15:02:25,826 INFO - USING com.atomikos.icatch.checkpoint_interval = 500 [com.atomikos.icatch.config.imp.AbstractUserTransactionService]
2014-04-25 15:02:25,826 INFO - USING com.atomikos.icatch.enable_logging = true [com.atomikos.icatch.config.imp.AbstractUserTransactionService]
2014-04-25 15:02:25,826 INFO - USING com.atomikos.icatch.output_dir = .\ [com.atomikos.icatch.config.imp.AbstractUserTransactionService]
2014-04-25 15:02:25,826 INFO - USING com.atomikos.icatch.log_base_name = tmlog [com.atomikos.icatch.config.imp.AbstractUserTransactionService]
2014-04-25 15:02:25,826 INFO - USING com.atomikos.icatch.console_file_limit = -1 [com.atomikos.icatch.config.imp.AbstractUserTransactionService]
2014-04-25 15:02:25,826 INFO - USING com.atomikos.icatch.max_timeout = 300000 [com.atomikos.icatch.config.imp.AbstractUserTransactionService]
2014-04-25 15:02:25,827 INFO - USING com.atomikos.icatch.tm_unique_name = 10.14.21.17.tm [com.atomikos.icatch.config.imp.AbstractUserTransactionService]
2014-04-25 15:02:25,827 INFO - USING java.naming.factory.initial = com.sun.jndi.rmi.registry.RegistryContextFactory [com.atomikos.icatch.config.imp.AbstractUserTransactionService]
2014-04-25 15:02:25,827 INFO - USING java.naming.provider.url = rmi://localhost:1099 [com.atomikos.icatch.config.imp.AbstractUserTransactionService]
2014-04-25 15:02:25,827 INFO - USING com.atomikos.icatch.service = com.atomikos.icatch.standalone.UserTransactionServiceFactory [com.atomikos.icatch.config.imp.AbstractUserTransactionService]
2014-04-25 15:02:25,827 INFO - USING com.atomikos.icatch.force_shutdown_on_vm_exit = false [com.atomikos.icatch.config.imp.AbstractUserTransactionService]
2014-04-25 15:02:25,827 INFO - USING com.atomikos.icatch.default_jta_timeout = 10000 [com.atomikos.icatch.config.imp.AbstractUserTransactionService]
2014-04-25 15:02:25,834 INFO - Using JTA UserTransaction: com.atomikos.icatch.jta.UserTransactionImp@4cd297c0 [org.springframework.transaction.jta.JtaTransactionManager]
2014-04-25 15:02:25,834 INFO - Using JTA TransactionManager: com.atomikos.icatch.jta.UserTransactionManager@15e8e5a7 [org.springframework.transaction.jta.JtaTransactionManager]
2014-04-25 15:02:25,856 WARN - XMemcachedClient use Text protocol [net.rubyeye.xmemcached.XMemcachedClient]
2014-04-25 15:02:25,884 INFO - Creating 8 reactors... [com.google.code.yanf4j.nio.impl.SelectorManager]
2014-04-25 15:02:25,923 WARN - The Controller started at localhost/127.0.0.1:0 ... [com.google.code.yanf4j.core.impl.AbstractController]
2014-04-25 15:02:25,946 WARN - Add a session: 122.224.171.132:11211 [com.google.code.yanf4j.core.impl.AbstractController]
2014-04-25 15:02:25,954 WARN - Add a session: 122.224.171.132:11211 [com.google.code.yanf4j.core.impl.AbstractController]
2014-04-25 15:02:25,962 WARN - Add a session: 122.224.171.132:11211 [com.google.code.yanf4j.core.impl.AbstractController]
2014-04-25 15:02:25,973 WARN - Add a session: 122.224.171.132:11211 [com.google.code.yanf4j.core.impl.AbstractController]
2014-04-25 15:02:25,986 WARN - Add a session: 122.224.171.132:11211 [com.google.code.yanf4j.core.impl.AbstractController]
2014-04-25 15:02:26,265 INFO -  [DUBBO] The service ready on spring started. service: com.haiegoo.commons.service.config.EnumsService, dubbo version: 2.4.10, current host: 127.0.0.1 [com.alibaba.dubbo.config.AbstractConfig]
2014-04-25 15:02:26,406 INFO -  [DUBBO] Export dubbo service com.haiegoo.commons.service.config.EnumsService to local registry, dubbo version: 2.4.10, current host: 127.0.0.1 [com.alibaba.dubbo.config.AbstractConfig]
2014-04-25 15:02:26,406 INFO -  [DUBBO] Export dubbo service com.haiegoo.commons.service.config.EnumsService to url dubbo://10.14.21.17:20880/com.haiegoo.commons.service.config.EnumsService?accesslog=true&anyhost=true&application=hai-srv-commons&default.register=false&default.timeout=10000&dubbo=2.4.10&interface=com.haiegoo.commons.service.config.EnumsService&methods=addEnums,getEnumsByText,getEnumsByKey,delEnums,getEnumsList,getEnumsByValue,getEnums,editEnums&owner=linpn&pid=8600&revision=1.0&serialization=java&side=provider&timestamp=1398409346277&version=1.0, dubbo version: 2.4.10, current host: 127.0.0.1 [com.alibaba.dubbo.config.AbstractConfig]
2014-04-25 15:02:26,538 INFO -  [DUBBO] Start NettyServer bind /0.0.0.0:20880, export /10.14.21.17:20880, dubbo version: 2.4.10, current host: 127.0.0.1 [com.alibaba.dubbo.remoting.transport.AbstractServer]
2014-04-25 15:02:26,541 INFO -  [DUBBO] Dubbo SpringContainer started!, dubbo version: 2.4.10, current host: 127.0.0.1 [com.alibaba.dubbo.container.Main]
2014-04-25 15:37:52,122 INFO - using logger: com.alibaba.dubbo.common.logger.log4j.Log4jLoggerAdapter [com.alibaba.dubbo.common.logger.LoggerFactory]
2014-04-25 15:37:52,187 INFO -  [DUBBO] Use container type([spring]) to run dubbo serivce., dubbo version: 2.4.10, current host: 127.0.0.1 [com.alibaba.dubbo.container.Main]
2014-04-25 15:37:52,269 INFO - Refreshing org.springframework.context.support.ClassPathXmlApplicationContext@20992bae: startup date [Fri Apr 25 15:37:52 GMT+08:00 2014]; root of context hierarchy [org.springframework.context.support.ClassPathXmlApplicationContext]
2014-04-25 15:37:52,337 INFO - Loading XML bean definitions from file [D:\Java\workspaces\eclipse-jee\haiegoo\trunk\hai-srv-commons\target\classes\spring-beans.xml] [org.springframework.beans.factory.xml.XmlBeanDefinitionReader]
2014-04-25 15:37:52,463 INFO - Loading XML bean definitions from file [D:\Java\workspaces\eclipse-jee\haiegoo\trunk\hai-srv-commons\target\classes\spring-context.xml] [org.springframework.beans.factory.xml.XmlBeanDefinitionReader]
2014-04-25 15:37:52,558 INFO - Loading XML bean definitions from file [D:\Java\workspaces\eclipse-jee\haiegoo\trunk\hai-srv-commons\target\classes\spring-dao.xml] [org.springframework.beans.factory.xml.XmlBeanDefinitionReader]
2014-04-25 15:37:52,640 INFO - Loading XML bean definitions from file [D:\Java\workspaces\eclipse-jee\haiegoo\trunk\hai-srv-commons\target\classes\spring-dubbo.xml] [org.springframework.beans.factory.xml.XmlBeanDefinitionReader]
2014-04-25 15:37:52,949 INFO - Loading properties file from class path resource [dubbo.properties] [com.haiegoo.framework.config.PropertyPlaceholderConfigurer]
2014-04-25 15:37:52,950 INFO - Loading properties file from file [D:\Java\workspaces\eclipse-jee\haiegoo\trunk\hai-srv-commons\bin\conf\dev\cache.conf] [com.haiegoo.framework.config.PropertyPlaceholderConfigurer]
2014-04-25 15:37:52,950 INFO - Loading properties file from file [D:\Java\workspaces\eclipse-jee\haiegoo\trunk\hai-srv-commons\bin\conf\dev\dubbo.conf] [com.haiegoo.framework.config.PropertyPlaceholderConfigurer]
2014-04-25 15:37:52,950 INFO - Loading properties file from file [D:\Java\workspaces\eclipse-jee\haiegoo\trunk\hai-srv-commons\bin\conf\dev\jdbc.conf] [com.haiegoo.framework.config.PropertyPlaceholderConfigurer]
2014-04-25 15:37:52,999 INFO - Pre-instantiating singletons in org.springframework.beans.factory.support.DefaultListableBeanFactory@5e36d047: defining beans [baseService,enumsService,org.springframework.context.annotation.internalConfigurationAnnotationProcessor,org.springframework.context.annotation.internalAutowiredAnnotationProcessor,org.springframework.context.annotation.internalRequiredAnnotationProcessor,org.springframework.context.annotation.internalCommonAnnotationProcessor,com.haiegoo.framework.config.PropertyPlaceholderConfigurer#0,memcachedClient,threadPoolTaskExecutor,sqlMapClientCommons,transactionManager,org.springframework.aop.config.internalAutoProxyCreator,org.springframework.transaction.annotation.AnnotationTransactionAttributeSource#0,org.springframework.transaction.interceptor.TransactionInterceptor#0,org.springframework.transaction.config.internalTransactionAdvisor,com.haiegoo.framework.ibatis.cache.MemcachedController#0,hai-srv-commons,com.alibaba.dubbo.config.RegistryConfig,dubbo,com.alibaba.dubbo.config.ProviderConfig,com.haiegoo.commons.service.config.EnumsService,org.springframework.context.annotation.ConfigurationClassPostProcessor.importAwareProcessor]; root of factory hierarchy [org.springframework.beans.factory.support.DefaultListableBeanFactory]
2014-04-25 15:37:53,060 INFO - Using Slf4J for logging. [com.atomikos.logging.LoggerFactory]
2014-04-25 15:37:53,074 INFO - AtomikosDataSoureBean 'haiegoo/commons': init... [com.atomikos.jdbc.AbstractDataSourceBean]
2014-04-25 15:37:53,100 INFO - AtomikosDataSoureBean 'haiegoo/commons': initializing with [ xaDataSourceClassName=com.mysql.jdbc.jdbc2.optional.MysqlXADataSource, uniqueResourceName=haiegoo/commons, maxPoolSize=50, minPoolSize=5, borrowConnectionTimeout=30, maxIdleTime=60, reapTimeout=0, maintenanceInterval=60, testQuery=select 1, xaProperties=[user=root,password=mfkjesk,url=jdbc:mysql://122.224.171.132:3306/hai_commons?useUnicode=true&characterEncoding=utf8&zeroDateTimeBehavior=convertToNull] loginTimeout=0] [com.atomikos.jdbc.AtomikosDataSourceBean]
2014-04-25 15:37:53,575 INFO - THREADS: using JDK thread pooling... [com.atomikos.icatch.imp.thread.TaskManager]
2014-04-25 15:37:53,673 INFO - Destroying singletons in org.springframework.beans.factory.support.DefaultListableBeanFactory@5e36d047: defining beans [baseService,enumsService,org.springframework.context.annotation.internalConfigurationAnnotationProcessor,org.springframework.context.annotation.internalAutowiredAnnotationProcessor,org.springframework.context.annotation.internalRequiredAnnotationProcessor,org.springframework.context.annotation.internalCommonAnnotationProcessor,com.haiegoo.framework.config.PropertyPlaceholderConfigurer#0,memcachedClient,threadPoolTaskExecutor,sqlMapClientCommons,transactionManager,org.springframework.aop.config.internalAutoProxyCreator,org.springframework.transaction.annotation.AnnotationTransactionAttributeSource#0,org.springframework.transaction.interceptor.TransactionInterceptor#0,org.springframework.transaction.config.internalTransactionAdvisor,com.haiegoo.framework.ibatis.cache.MemcachedController#0,hai-srv-commons,com.alibaba.dubbo.config.RegistryConfig,dubbo,com.alibaba.dubbo.config.ProviderConfig,com.haiegoo.commons.service.config.EnumsService,org.springframework.context.annotation.ConfigurationClassPostProcessor.importAwareProcessor]; root of factory hierarchy [org.springframework.beans.factory.support.DefaultListableBeanFactory]
2014-04-25 15:37:53,674 INFO - AtomikosDataSoureBean 'haiegoo/commons': close... [com.atomikos.jdbc.AbstractDataSourceBean]
2014-04-25 15:37:53,674 INFO - atomikos connection pool 'haiegoo/commons': destroying pool... [com.atomikos.datasource.pool.ConnectionPool]
2014-04-25 15:37:53,683 ERROR -  [DUBBO] Error creating bean with name 'enumsService': Injection of resource dependencies failed; nested exception is org.springframework.beans.factory.BeanCreationException: Error creating bean with name 'sqlMapClientCommons' defined in file [D:\Java\workspaces\eclipse-jee\haiegoo\trunk\hai-srv-commons\target\classes\spring-dao.xml]: Cannot create inner bean 'org.springframework.orm.ibatis.SqlMapClientFactoryBean#1959e6e8' of type [org.springframework.orm.ibatis.SqlMapClientFactoryBean] while setting bean property 'sqlMapClient'; nested exception is org.springframework.beans.factory.BeanCreationException: Error creating bean with name 'org.springframework.orm.ibatis.SqlMapClientFactoryBean#1959e6e8' defined in file [D:\Java\workspaces\eclipse-jee\haiegoo\trunk\hai-srv-commons\target\classes\spring-dao.xml]: Invocation of init method failed; nested exception is org.springframework.core.NestedIOException: Failed to parse config resource: class path resource [com/haiegoo/commons/dao/sqlmap-config.xml]; nested exception is com.ibatis.common.xml.NodeletException: Error parsing XML.  Cause: java.lang.RuntimeException: Error parsing XPath '/sqlMapConfig/sqlMap'.  Cause: com.ibatis.common.xml.NodeletException: Error parsing XML.  Cause: java.lang.RuntimeException: Error parsing XPath '/sqlMap/resultMap/result'.  Cause: com.ibatis.common.beans.ProbeException: There is no WRITEABLE property named 'value' in class 'com.haiegoo.commons.model.config.Enums', dubbo version: 2.4.10, current host: 127.0.0.1 [com.alibaba.dubbo.container.Main]
org.springframework.beans.factory.BeanCreationException: Error creating bean with name 'enumsService': Injection of resource dependencies failed; nested exception is org.springframework.beans.factory.BeanCreationException: Error creating bean with name 'sqlMapClientCommons' defined in file [D:\Java\workspaces\eclipse-jee\haiegoo\trunk\hai-srv-commons\target\classes\spring-dao.xml]: Cannot create inner bean 'org.springframework.orm.ibatis.SqlMapClientFactoryBean#1959e6e8' of type [org.springframework.orm.ibatis.SqlMapClientFactoryBean] while setting bean property 'sqlMapClient'; nested exception is org.springframework.beans.factory.BeanCreationException: Error creating bean with name 'org.springframework.orm.ibatis.SqlMapClientFactoryBean#1959e6e8' defined in file [D:\Java\workspaces\eclipse-jee\haiegoo\trunk\hai-srv-commons\target\classes\spring-dao.xml]: Invocation of init method failed; nested exception is org.springframework.core.NestedIOException: Failed to parse config resource: class path resource [com/haiegoo/commons/dao/sqlmap-config.xml]; nested exception is com.ibatis.common.xml.NodeletException: Error parsing XML.  Cause: java.lang.RuntimeException: Error parsing XPath '/sqlMapConfig/sqlMap'.  Cause: com.ibatis.common.xml.NodeletException: Error parsing XML.  Cause: java.lang.RuntimeException: Error parsing XPath '/sqlMap/resultMap/result'.  Cause: com.ibatis.common.beans.ProbeException: There is no WRITEABLE property named 'value' in class 'com.haiegoo.commons.model.config.Enums'
	at org.springframework.context.annotation.CommonAnnotationBeanPostProcessor.postProcessPropertyValues(CommonAnnotationBeanPostProcessor.java:306)
	at org.springframework.beans.factory.support.AbstractAutowireCapableBeanFactory.populateBean(AbstractAutowireCapableBeanFactory.java:1106)
	at org.springframework.beans.factory.support.AbstractAutowireCapableBeanFactory.doCreateBean(AbstractAutowireCapableBeanFactory.java:517)
	at org.springframework.beans.factory.support.AbstractAutowireCapableBeanFactory.createBean(AbstractAutowireCapableBeanFactory.java:456)
	at org.springframework.beans.factory.support.AbstractBeanFactory$1.getObject(AbstractBeanFactory.java:294)
	at org.springframework.beans.factory.support.DefaultSingletonBeanRegistry.getSingleton(DefaultSingletonBeanRegistry.java:225)
	at org.springframework.beans.factory.support.AbstractBeanFactory.doGetBean(AbstractBeanFactory.java:291)
	at org.springframework.beans.factory.support.AbstractBeanFactory.getBean(AbstractBeanFactory.java:193)
	at org.springframework.beans.factory.support.DefaultListableBeanFactory.preInstantiateSingletons(DefaultListableBeanFactory.java:607)
	at org.springframework.context.support.AbstractApplicationContext.finishBeanFactoryInitialization(AbstractApplicationContext.java:925)
	at org.springframework.context.support.AbstractApplicationContext.refresh(AbstractApplicationContext.java:472)
	at org.springframework.context.support.ClassPathXmlApplicationContext.<init>(ClassPathXmlApplicationContext.java:139)
	at org.springframework.context.support.ClassPathXmlApplicationContext.<init>(ClassPathXmlApplicationContext.java:93)
	at com.alibaba.dubbo.container.spring.SpringContainer.start(SpringContainer.java:50)
	at com.alibaba.dubbo.container.Main.main(Main.java:80)
Caused by: org.springframework.beans.factory.BeanCreationException: Error creating bean with name 'sqlMapClientCommons' defined in file [D:\Java\workspaces\eclipse-jee\haiegoo\trunk\hai-srv-commons\target\classes\spring-dao.xml]: Cannot create inner bean 'org.springframework.orm.ibatis.SqlMapClientFactoryBean#1959e6e8' of type [org.springframework.orm.ibatis.SqlMapClientFactoryBean] while setting bean property 'sqlMapClient'; nested exception is org.springframework.beans.factory.BeanCreationException: Error creating bean with name 'org.springframework.orm.ibatis.SqlMapClientFactoryBean#1959e6e8' defined in file [D:\Java\workspaces\eclipse-jee\haiegoo\trunk\hai-srv-commons\target\classes\spring-dao.xml]: Invocation of init method failed; nested exception is org.springframework.core.NestedIOException: Failed to parse config resource: class path resource [com/haiegoo/commons/dao/sqlmap-config.xml]; nested exception is com.ibatis.common.xml.NodeletException: Error parsing XML.  Cause: java.lang.RuntimeException: Error parsing XPath '/sqlMapConfig/sqlMap'.  Cause: com.ibatis.common.xml.NodeletException: Error parsing XML.  Cause: java.lang.RuntimeException: Error parsing XPath '/sqlMap/resultMap/result'.  Cause: com.ibatis.common.beans.ProbeException: There is no WRITEABLE property named 'value' in class 'com.haiegoo.commons.model.config.Enums'
	at org.springframework.beans.factory.support.BeanDefinitionValueResolver.resolveInnerBean(BeanDefinitionValueResolver.java:282)
	at org.springframework.beans.factory.support.BeanDefinitionValueResolver.resolveValueIfNecessary(BeanDefinitionValueResolver.java:121)
	at org.springframework.beans.factory.support.AbstractAutowireCapableBeanFactory.applyPropertyValues(AbstractAutowireCapableBeanFactory.java:1360)
	at org.springframework.beans.factory.support.AbstractAutowireCapableBeanFactory.populateBean(AbstractAutowireCapableBeanFactory.java:1118)
	at org.springframework.beans.factory.support.AbstractAutowireCapableBeanFactory.doCreateBean(AbstractAutowireCapableBeanFactory.java:517)
	at org.springframework.beans.factory.support.AbstractAutowireCapableBeanFactory.createBean(AbstractAutowireCapableBeanFactory.java:456)
	at org.springframework.beans.factory.support.AbstractBeanFactory$1.getObject(AbstractBeanFactory.java:294)
	at org.springframework.beans.factory.support.DefaultSingletonBeanRegistry.getSingleton(DefaultSingletonBeanRegistry.java:225)
	at org.springframework.beans.factory.support.AbstractBeanFactory.doGetBean(AbstractBeanFactory.java:291)
	at org.springframework.beans.factory.support.AbstractBeanFactory.getBean(AbstractBeanFactory.java:197)
	at org.springframework.context.annotation.CommonAnnotationBeanPostProcessor.autowireResource(CommonAnnotationBeanPostProcessor.java:442)
	at org.springframework.context.annotation.CommonAnnotationBeanPostProcessor.getResource(CommonAnnotationBeanPostProcessor.java:416)
	at org.springframework.context.annotation.CommonAnnotationBeanPostProcessor$ResourceElement.getResourceToInject(CommonAnnotationBeanPostProcessor.java:550)
	at org.springframework.beans.factory.annotation.InjectionMetadata$InjectedElement.inject(InjectionMetadata.java:155)
	at org.springframework.beans.factory.annotation.InjectionMetadata.inject(InjectionMetadata.java:92)
	at org.springframework.context.annotation.CommonAnnotationBeanPostProcessor.postProcessPropertyValues(CommonAnnotationBeanPostProcessor.java:303)
	... 14 more
Caused by: org.springframework.beans.factory.BeanCreationException: Error creating bean with name 'org.springframework.orm.ibatis.SqlMapClientFactoryBean#1959e6e8' defined in file [D:\Java\workspaces\eclipse-jee\haiegoo\trunk\hai-srv-commons\target\classes\spring-dao.xml]: Invocation of init method failed; nested exception is org.springframework.core.NestedIOException: Failed to parse config resource: class path resource [com/haiegoo/commons/dao/sqlmap-config.xml]; nested exception is com.ibatis.common.xml.NodeletException: Error parsing XML.  Cause: java.lang.RuntimeException: Error parsing XPath '/sqlMapConfig/sqlMap'.  Cause: com.ibatis.common.xml.NodeletException: Error parsing XML.  Cause: java.lang.RuntimeException: Error parsing XPath '/sqlMap/resultMap/result'.  Cause: com.ibatis.common.beans.ProbeException: There is no WRITEABLE property named 'value' in class 'com.haiegoo.commons.model.config.Enums'
	at org.springframework.beans.factory.support.AbstractAutowireCapableBeanFactory.initializeBean(AbstractAutowireCapableBeanFactory.java:1455)
	at org.springframework.beans.factory.support.AbstractAutowireCapableBeanFactory.doCreateBean(AbstractAutowireCapableBeanFactory.java:519)
	at org.springframework.beans.factory.support.AbstractAutowireCapableBeanFactory.createBean(AbstractAutowireCapableBeanFactory.java:456)
	at org.springframework.beans.factory.support.BeanDefinitionValueResolver.resolveInnerBean(BeanDefinitionValueResolver.java:271)
	... 29 more
Caused by: org.springframework.core.NestedIOException: Failed to parse config resource: class path resource [com/haiegoo/commons/dao/sqlmap-config.xml]; nested exception is com.ibatis.common.xml.NodeletException: Error parsing XML.  Cause: java.lang.RuntimeException: Error parsing XPath '/sqlMapConfig/sqlMap'.  Cause: com.ibatis.common.xml.NodeletException: Error parsing XML.  Cause: java.lang.RuntimeException: Error parsing XPath '/sqlMap/resultMap/result'.  Cause: com.ibatis.common.beans.ProbeException: There is no WRITEABLE property named 'value' in class 'com.haiegoo.commons.model.config.Enums'
	at org.springframework.orm.ibatis.SqlMapClientFactoryBean.buildSqlMapClient(SqlMapClientFactoryBean.java:341)
	at org.springframework.orm.ibatis.SqlMapClientFactoryBean.afterPropertiesSet(SqlMapClientFactoryBean.java:291)
	at org.springframework.beans.factory.support.AbstractAutowireCapableBeanFactory.invokeInitMethods(AbstractAutowireCapableBeanFactory.java:1514)
	at org.springframework.beans.factory.support.AbstractAutowireCapableBeanFactory.initializeBean(AbstractAutowireCapableBeanFactory.java:1452)
	... 32 more
Caused by: com.ibatis.common.xml.NodeletException: Error parsing XML.  Cause: java.lang.RuntimeException: Error parsing XPath '/sqlMapConfig/sqlMap'.  Cause: com.ibatis.common.xml.NodeletException: Error parsing XML.  Cause: java.lang.RuntimeException: Error parsing XPath '/sqlMap/resultMap/result'.  Cause: com.ibatis.common.beans.ProbeException: There is no WRITEABLE property named 'value' in class 'com.haiegoo.commons.model.config.Enums'
	at com.ibatis.common.xml.NodeletParser.parse(NodeletParser.java:62)
	at com.ibatis.sqlmap.engine.builder.xml.SqlMapConfigParser.parse(SqlMapConfigParser.java:62)
	at com.ibatis.sqlmap.engine.builder.xml.SqlMapConfigParser.parse(SqlMapConfigParser.java:55)
	at org.springframework.orm.ibatis.SqlMapClientFactoryBean.buildSqlMapClient(SqlMapClientFactoryBean.java:338)
	... 35 more
Caused by: java.lang.RuntimeException: Error parsing XPath '/sqlMapConfig/sqlMap'.  Cause: com.ibatis.common.xml.NodeletException: Error parsing XML.  Cause: java.lang.RuntimeException: Error parsing XPath '/sqlMap/resultMap/result'.  Cause: com.ibatis.common.beans.ProbeException: There is no WRITEABLE property named 'value' in class 'com.haiegoo.commons.model.config.Enums'
	at com.ibatis.common.xml.NodeletParser.processNodelet(NodeletParser.java:123)
	at com.ibatis.common.xml.NodeletParser.process(NodeletParser.java:84)
	at com.ibatis.common.xml.NodeletParser.process(NodeletParser.java:102)
	at com.ibatis.common.xml.NodeletParser.parse(NodeletParser.java:72)
	at com.ibatis.common.xml.NodeletParser.parse(NodeletParser.java:60)
	... 38 more
Caused by: com.ibatis.common.xml.NodeletException: Error parsing XML.  Cause: java.lang.RuntimeException: Error parsing XPath '/sqlMap/resultMap/result'.  Cause: com.ibatis.common.beans.ProbeException: There is no WRITEABLE property named 'value' in class 'com.haiegoo.commons.model.config.Enums'
	at com.ibatis.common.xml.NodeletParser.parse(NodeletParser.java:62)
	at com.ibatis.sqlmap.engine.builder.xml.SqlMapParser.parse(SqlMapParser.java:44)
	at com.ibatis.sqlmap.engine.builder.xml.SqlMapConfigParser$10.process(SqlMapConfigParser.java:257)
	at com.ibatis.common.xml.NodeletParser.processNodelet(NodeletParser.java:121)
	... 42 more
Caused by: java.lang.RuntimeException: Error parsing XPath '/sqlMap/resultMap/result'.  Cause: com.ibatis.common.beans.ProbeException: There is no WRITEABLE property named 'value' in class 'com.haiegoo.commons.model.config.Enums'
	at com.ibatis.common.xml.NodeletParser.processNodelet(NodeletParser.java:123)
	at com.ibatis.common.xml.NodeletParser.process(NodeletParser.java:84)
	at com.ibatis.common.xml.NodeletParser.process(NodeletParser.java:102)
	at com.ibatis.common.xml.NodeletParser.process(NodeletParser.java:102)
	at com.ibatis.common.xml.NodeletParser.parse(NodeletParser.java:72)
	at com.ibatis.common.xml.NodeletParser.parse(NodeletParser.java:60)
	... 45 more
Caused by: com.ibatis.common.beans.ProbeException: There is no WRITEABLE property named 'value' in class 'com.haiegoo.commons.model.config.Enums'
	at com.ibatis.common.beans.ClassInfo.getSetterType(ClassInfo.java:405)
	at com.ibatis.common.beans.GenericProbe.getClassPropertyTypeForSetter(GenericProbe.java:251)
	at com.ibatis.common.beans.GenericProbe.getPropertyTypeForSetter(GenericProbe.java:135)
	at com.ibatis.sqlmap.engine.config.SqlMapConfiguration.resolveTypeHandler(SqlMapConfiguration.java:195)
	at com.ibatis.sqlmap.engine.config.ResultMapConfig.addResultMapping(ResultMapConfig.java:116)
	at com.ibatis.sqlmap.engine.builder.xml.SqlMapParser$14.process(SqlMapParser.java:279)
	at com.ibatis.common.xml.NodeletParser.processNodelet(NodeletParser.java:121)
	... 50 more
2014-04-25 15:42:49,025 INFO - using logger: com.alibaba.dubbo.common.logger.log4j.Log4jLoggerAdapter [com.alibaba.dubbo.common.logger.LoggerFactory]
2014-04-25 15:42:49,086 INFO -  [DUBBO] Use container type([spring]) to run dubbo serivce., dubbo version: 2.4.10, current host: 127.0.0.1 [com.alibaba.dubbo.container.Main]
2014-04-25 15:42:49,169 INFO - Refreshing org.springframework.context.support.ClassPathXmlApplicationContext@2802bd3a: startup date [Fri Apr 25 15:42:49 GMT+08:00 2014]; root of context hierarchy [org.springframework.context.support.ClassPathXmlApplicationContext]
2014-04-25 15:42:49,233 INFO - Loading XML bean definitions from file [D:\Java\workspaces\eclipse-jee\haiegoo\trunk\hai-srv-commons\target\classes\spring-beans.xml] [org.springframework.beans.factory.xml.XmlBeanDefinitionReader]
2014-04-25 15:42:49,364 INFO - Loading XML bean definitions from file [D:\Java\workspaces\eclipse-jee\haiegoo\trunk\hai-srv-commons\target\classes\spring-context.xml] [org.springframework.beans.factory.xml.XmlBeanDefinitionReader]
2014-04-25 15:42:49,457 INFO - Loading XML bean definitions from file [D:\Java\workspaces\eclipse-jee\haiegoo\trunk\hai-srv-commons\target\classes\spring-dao.xml] [org.springframework.beans.factory.xml.XmlBeanDefinitionReader]
2014-04-25 15:42:49,554 INFO - Loading XML bean definitions from file [D:\Java\workspaces\eclipse-jee\haiegoo\trunk\hai-srv-commons\target\classes\spring-dubbo.xml] [org.springframework.beans.factory.xml.XmlBeanDefinitionReader]
2014-04-25 15:42:49,847 INFO - Loading properties file from class path resource [dubbo.properties] [com.haiegoo.framework.config.PropertyPlaceholderConfigurer]
2014-04-25 15:42:49,848 INFO - Loading properties file from file [D:\Java\workspaces\eclipse-jee\haiegoo\trunk\hai-srv-commons\bin\conf\dev\cache.conf] [com.haiegoo.framework.config.PropertyPlaceholderConfigurer]
2014-04-25 15:42:49,849 INFO - Loading properties file from file [D:\Java\workspaces\eclipse-jee\haiegoo\trunk\hai-srv-commons\bin\conf\dev\dubbo.conf] [com.haiegoo.framework.config.PropertyPlaceholderConfigurer]
2014-04-25 15:42:49,849 INFO - Loading properties file from file [D:\Java\workspaces\eclipse-jee\haiegoo\trunk\hai-srv-commons\bin\conf\dev\jdbc.conf] [com.haiegoo.framework.config.PropertyPlaceholderConfigurer]
2014-04-25 15:42:49,906 INFO - Pre-instantiating singletons in org.springframework.beans.factory.support.DefaultListableBeanFactory@3488b1e6: defining beans [baseService,enumsService,org.springframework.context.annotation.internalConfigurationAnnotationProcessor,org.springframework.context.annotation.internalAutowiredAnnotationProcessor,org.springframework.context.annotation.internalRequiredAnnotationProcessor,org.springframework.context.annotation.internalCommonAnnotationProcessor,com.haiegoo.framework.config.PropertyPlaceholderConfigurer#0,memcachedClient,threadPoolTaskExecutor,sqlMapClientCommons,transactionManager,org.springframework.aop.config.internalAutoProxyCreator,org.springframework.transaction.annotation.AnnotationTransactionAttributeSource#0,org.springframework.transaction.interceptor.TransactionInterceptor#0,org.springframework.transaction.config.internalTransactionAdvisor,com.haiegoo.framework.ibatis.cache.MemcachedController#0,hai-srv-commons,com.alibaba.dubbo.config.RegistryConfig,dubbo,com.alibaba.dubbo.config.ProviderConfig,com.haiegoo.commons.service.config.EnumsService,org.springframework.context.annotation.ConfigurationClassPostProcessor.importAwareProcessor]; root of factory hierarchy [org.springframework.beans.factory.support.DefaultListableBeanFactory]
2014-04-25 15:42:49,958 INFO - Using Slf4J for logging. [com.atomikos.logging.LoggerFactory]
2014-04-25 15:42:49,971 INFO - AtomikosDataSoureBean 'haiegoo/commons': init... [com.atomikos.jdbc.AbstractDataSourceBean]
2014-04-25 15:42:50,004 INFO - AtomikosDataSoureBean 'haiegoo/commons': initializing with [ xaDataSourceClassName=com.mysql.jdbc.jdbc2.optional.MysqlXADataSource, uniqueResourceName=haiegoo/commons, maxPoolSize=50, minPoolSize=5, borrowConnectionTimeout=30, maxIdleTime=60, reapTimeout=0, maintenanceInterval=60, testQuery=select 1, xaProperties=[user=root,password=mfkjesk,url=jdbc:mysql://122.224.171.132:3306/hai_commons?useUnicode=true&characterEncoding=utf8&zeroDateTimeBehavior=convertToNull] loginTimeout=0] [com.atomikos.jdbc.AtomikosDataSourceBean]
2014-04-25 15:42:50,504 INFO - THREADS: using JDK thread pooling... [com.atomikos.icatch.imp.thread.TaskManager]
2014-04-25 15:42:50,697 INFO - Initializing ExecutorService  'threadPoolTaskExecutor' [org.springframework.scheduling.concurrent.ThreadPoolTaskExecutor]
2014-04-25 15:42:50,728 WARN - No properties path set - looking for transactions.properties in classpath... [com.atomikos.icatch.config.UserTransactionServiceImp]
2014-04-25 15:42:50,729 WARN - transactions.properties not found - looking for jta.properties in classpath... [com.atomikos.icatch.config.UserTransactionServiceImp]
2014-04-25 15:42:50,729 WARN - Using init file: /D:/Java/workspaces/eclipse-jee/haiegoo/trunk/hai-srv-commons/target/classes/jta.properties [com.atomikos.icatch.config.UserTransactionServiceImp]
2014-04-25 15:42:50,767 INFO - Starting read of logfile D:\Java\workspaces\eclipse-jee\haiegoo\trunk\hai-srv-commons\bin\logs\tmlog3.log [com.atomikos.persistence.imp.FileLogStream]
2014-04-25 15:42:50,767 INFO - Done read of logfile [com.atomikos.persistence.imp.FileLogStream]
2014-04-25 15:42:50,767 INFO - Logfile closed: D:\Java\workspaces\eclipse-jee\haiegoo\trunk\hai-srv-commons\bin\logs\tmlog3.log [com.atomikos.persistence.imp.FileLogStream]
2014-04-25 15:42:50,824 INFO - haiegoo/commons: refreshed XAResource [com.atomikos.datasource.xa.XATransactionalResource]
2014-04-25 15:42:50,843 INFO - USING core version: 3.8.0 [com.atomikos.icatch.config.imp.AbstractUserTransactionService]
2014-04-25 15:42:50,843 INFO - USING com.atomikos.icatch.console_file_name = tm.out [com.atomikos.icatch.config.imp.AbstractUserTransactionService]
2014-04-25 15:42:50,843 INFO - USING com.atomikos.icatch.console_file_count = 1 [com.atomikos.icatch.config.imp.AbstractUserTransactionService]
2014-04-25 15:42:50,843 INFO - USING com.atomikos.icatch.automatic_resource_registration = true [com.atomikos.icatch.config.imp.AbstractUserTransactionService]
2014-04-25 15:42:50,843 INFO - USING com.atomikos.icatch.client_demarcation = false [com.atomikos.icatch.config.imp.AbstractUserTransactionService]
2014-04-25 15:42:50,844 INFO - USING com.atomikos.icatch.threaded_2pc = false [com.atomikos.icatch.config.imp.AbstractUserTransactionService]
2014-04-25 15:42:50,844 INFO - USING com.atomikos.icatch.serial_jta_transactions = true [com.atomikos.icatch.config.imp.AbstractUserTransactionService]
2014-04-25 15:42:50,844 INFO - USING com.atomikos.icatch.log_base_dir = logs/ [com.atomikos.icatch.config.imp.AbstractUserTransactionService]
2014-04-25 15:42:50,844 INFO - USING com.atomikos.icatch.console_log_level = WARN [com.atomikos.icatch.config.imp.AbstractUserTransactionService]
2014-04-25 15:42:50,844 INFO - USING com.atomikos.icatch.max_actives = 50 [com.atomikos.icatch.config.imp.AbstractUserTransactionService]
2014-04-25 15:42:50,844 INFO - USING com.atomikos.icatch.checkpoint_interval = 500 [com.atomikos.icatch.config.imp.AbstractUserTransactionService]
2014-04-25 15:42:50,844 INFO - USING com.atomikos.icatch.enable_logging = true [com.atomikos.icatch.config.imp.AbstractUserTransactionService]
2014-04-25 15:42:50,844 INFO - USING com.atomikos.icatch.output_dir = .\ [com.atomikos.icatch.config.imp.AbstractUserTransactionService]
2014-04-25 15:42:50,844 INFO - USING com.atomikos.icatch.log_base_name = tmlog [com.atomikos.icatch.config.imp.AbstractUserTransactionService]
2014-04-25 15:42:50,844 INFO - USING com.atomikos.icatch.console_file_limit = -1 [com.atomikos.icatch.config.imp.AbstractUserTransactionService]
2014-04-25 15:42:50,844 INFO - USING com.atomikos.icatch.max_timeout = 300000 [com.atomikos.icatch.config.imp.AbstractUserTransactionService]
2014-04-25 15:42:50,844 INFO - USING com.atomikos.icatch.tm_unique_name = 10.14.21.17.tm [com.atomikos.icatch.config.imp.AbstractUserTransactionService]
2014-04-25 15:42:50,844 INFO - USING java.naming.factory.initial = com.sun.jndi.rmi.registry.RegistryContextFactory [com.atomikos.icatch.config.imp.AbstractUserTransactionService]
2014-04-25 15:42:50,844 INFO - USING java.naming.provider.url = rmi://localhost:1099 [com.atomikos.icatch.config.imp.AbstractUserTransactionService]
2014-04-25 15:42:50,845 INFO - USING com.atomikos.icatch.service = com.atomikos.icatch.standalone.UserTransactionServiceFactory [com.atomikos.icatch.config.imp.AbstractUserTransactionService]
2014-04-25 15:42:50,845 INFO - USING com.atomikos.icatch.force_shutdown_on_vm_exit = false [com.atomikos.icatch.config.imp.AbstractUserTransactionService]
2014-04-25 15:42:50,845 INFO - USING com.atomikos.icatch.default_jta_timeout = 10000 [com.atomikos.icatch.config.imp.AbstractUserTransactionService]
2014-04-25 15:42:50,856 INFO - Using JTA UserTransaction: com.atomikos.icatch.jta.UserTransactionImp@4369a50b [org.springframework.transaction.jta.JtaTransactionManager]
2014-04-25 15:42:50,856 INFO - Using JTA TransactionManager: com.atomikos.icatch.jta.UserTransactionManager@4cd297c0 [org.springframework.transaction.jta.JtaTransactionManager]
2014-04-25 15:42:50,879 WARN - XMemcachedClient use Text protocol [net.rubyeye.xmemcached.XMemcachedClient]
2014-04-25 15:42:50,908 INFO - Creating 8 reactors... [com.google.code.yanf4j.nio.impl.SelectorManager]
2014-04-25 15:42:50,944 WARN - The Controller started at localhost/127.0.0.1:0 ... [com.google.code.yanf4j.core.impl.AbstractController]
2014-04-25 15:42:50,970 WARN - Add a session: 122.224.171.132:11211 [com.google.code.yanf4j.core.impl.AbstractController]
2014-04-25 15:42:50,976 WARN - Add a session: 122.224.171.132:11211 [com.google.code.yanf4j.core.impl.AbstractController]
2014-04-25 15:42:50,984 WARN - Add a session: 122.224.171.132:11211 [com.google.code.yanf4j.core.impl.AbstractController]
2014-04-25 15:42:50,996 WARN - Add a session: 122.224.171.132:11211 [com.google.code.yanf4j.core.impl.AbstractController]
2014-04-25 15:42:51,008 WARN - Add a session: 122.224.171.132:11211 [com.google.code.yanf4j.core.impl.AbstractController]
2014-04-25 15:42:51,288 INFO -  [DUBBO] The service ready on spring started. service: com.haiegoo.commons.service.config.EnumsService, dubbo version: 2.4.10, current host: 127.0.0.1 [com.alibaba.dubbo.config.AbstractConfig]
2014-04-25 15:42:51,430 INFO -  [DUBBO] Export dubbo service com.haiegoo.commons.service.config.EnumsService to local registry, dubbo version: 2.4.10, current host: 127.0.0.1 [com.alibaba.dubbo.config.AbstractConfig]
2014-04-25 15:42:51,431 INFO -  [DUBBO] Export dubbo service com.haiegoo.commons.service.config.EnumsService to url dubbo://10.14.21.17:20880/com.haiegoo.commons.service.config.EnumsService?accesslog=true&anyhost=true&application=hai-srv-commons&default.register=false&default.timeout=10000&dubbo=2.4.10&interface=com.haiegoo.commons.service.config.EnumsService&methods=addEnums,getEnumsByText,getEnumsByKey,delEnums,getEnumsByCode,getEnumsList,getEnums,editEnums&owner=linpn&pid=9496&revision=1.0&serialization=java&side=provider&timestamp=1398411771299&version=1.0, dubbo version: 2.4.10, current host: 127.0.0.1 [com.alibaba.dubbo.config.AbstractConfig]
2014-04-25 15:42:51,575 INFO -  [DUBBO] Start NettyServer bind /0.0.0.0:20880, export /10.14.21.17:20880, dubbo version: 2.4.10, current host: 127.0.0.1 [com.alibaba.dubbo.remoting.transport.AbstractServer]
2014-04-25 15:42:51,579 INFO -  [DUBBO] Dubbo SpringContainer started!, dubbo version: 2.4.10, current host: 127.0.0.1 [com.alibaba.dubbo.container.Main]
