2014-04-20 19:20:37,557 ERROR -  [DUBBO] Got unchecked and undeclared exception which called by 192.168.127.1. service: com.haiegoo.shopping.service.product.PropertyService, method: getPropertyList, exception: com.alibaba.dubbo.rpc.RpcException: 查询属性出错, dubbo version: 2.4.10, current host: 127.0.0.1 [com.alibaba.dubbo.rpc.filter.ExceptionFilter]
com.alibaba.dubbo.rpc.RpcException: 查询属性出错
	at com.haiegoo.shopping.service.product.impl.PropertyServiceImpl.getPropertyList(PropertyServiceImpl.java:50)
	at com.haiegoo.shopping.service.product.impl.PropertyServiceImpl.getPropertyList(PropertyServiceImpl.java:36)
	at com.alibaba.dubbo.common.bytecode.Wrapper8.invokeMethod(Wrapper8.java)
	at com.alibaba.dubbo.rpc.proxy.javassist.JavassistProxyFactory$1.doInvoke(JavassistProxyFactory.java:46)
	at com.alibaba.dubbo.rpc.proxy.AbstractProxyInvoker.invoke(AbstractProxyInvoker.java:72)
	at com.alibaba.dubbo.rpc.protocol.dubbo.filter.TraceFilter.invoke(TraceFilter.java:78)
	at com.alibaba.dubbo.rpc.protocol.ProtocolFilterWrapper$1.invoke(ProtocolFilterWrapper.java:91)
	at com.alibaba.dubbo.monitor.support.MonitorFilter.invoke(MonitorFilter.java:75)
	at com.alibaba.dubbo.rpc.protocol.ProtocolFilterWrapper$1.invoke(ProtocolFilterWrapper.java:91)
	at com.alibaba.dubbo.rpc.filter.TimeoutFilter.invoke(TimeoutFilter.java:42)
	at com.alibaba.dubbo.rpc.protocol.ProtocolFilterWrapper$1.invoke(ProtocolFilterWrapper.java:91)
	at com.alibaba.dubbo.rpc.filter.ExceptionFilter.invoke(ExceptionFilter.java:64)
	at com.alibaba.dubbo.rpc.protocol.ProtocolFilterWrapper$1.invoke(ProtocolFilterWrapper.java:91)
	at com.alibaba.dubbo.rpc.filter.AccessLogFilter.invoke(AccessLogFilter.java:199)
	at com.alibaba.dubbo.rpc.protocol.ProtocolFilterWrapper$1.invoke(ProtocolFilterWrapper.java:91)
	at com.alibaba.dubbo.rpc.filter.ContextFilter.invoke(ContextFilter.java:60)
	at com.alibaba.dubbo.rpc.protocol.ProtocolFilterWrapper$1.invoke(ProtocolFilterWrapper.java:91)
	at com.alibaba.dubbo.rpc.filter.GenericFilter.invoke(GenericFilter.java:112)
	at com.alibaba.dubbo.rpc.protocol.ProtocolFilterWrapper$1.invoke(ProtocolFilterWrapper.java:91)
	at com.alibaba.dubbo.rpc.filter.ClassLoaderFilter.invoke(ClassLoaderFilter.java:38)
	at com.alibaba.dubbo.rpc.protocol.ProtocolFilterWrapper$1.invoke(ProtocolFilterWrapper.java:91)
	at com.alibaba.dubbo.rpc.filter.EchoFilter.invoke(EchoFilter.java:38)
	at com.alibaba.dubbo.rpc.protocol.ProtocolFilterWrapper$1.invoke(ProtocolFilterWrapper.java:91)
	at com.alibaba.dubbo.rpc.protocol.dubbo.DubboProtocol$1.reply(DubboProtocol.java:108)
	at com.alibaba.dubbo.remoting.exchange.support.header.HeaderExchangeHandler.handleRequest(HeaderExchangeHandler.java:84)
	at com.alibaba.dubbo.remoting.exchange.support.header.HeaderExchangeHandler.received(HeaderExchangeHandler.java:170)
	at com.alibaba.dubbo.remoting.transport.DecodeHandler.received(DecodeHandler.java:52)
	at com.alibaba.dubbo.remoting.transport.dispather.ChannelEventRunnable.run(ChannelEventRunnable.java:82)
	at java.util.concurrent.ThreadPoolExecutor$Worker.runTask(ThreadPoolExecutor.java:895)
	at java.util.concurrent.ThreadPoolExecutor$Worker.run(ThreadPoolExecutor.java:918)
	at java.lang.Thread.run(Thread.java:662)
Caused by: org.springframework.jdbc.BadSqlGrammarException: SqlMapClient operation; bad SQL grammar []; nested exception is com.ibatis.common.jdbc.exception.NestedSQLException:   
--- The error occurred in com/haiegoo/shopping/dao/sqlmap/Property.sqlmap.xml.  
--- The error occurred while applying a result map.  
--- Check the Property.resultMap.  
--- Check the result mapping for the 'isSelected' property.  
--- Cause: java.sql.SQLException: Column 'is_selected' not found.
	at org.springframework.jdbc.support.SQLStateSQLExceptionTranslator.doTranslate(SQLStateSQLExceptionTranslator.java:98)
	at org.springframework.jdbc.support.AbstractFallbackSQLExceptionTranslator.translate(AbstractFallbackSQLExceptionTranslator.java:72)
	at org.springframework.jdbc.support.AbstractFallbackSQLExceptionTranslator.translate(AbstractFallbackSQLExceptionTranslator.java:80)
	at org.springframework.jdbc.support.AbstractFallbackSQLExceptionTranslator.translate(AbstractFallbackSQLExceptionTranslator.java:80)
	at org.springframework.orm.ibatis.SqlMapClientTemplate.execute(SqlMapClientTemplate.java:203)
	at org.springframework.orm.ibatis.SqlMapClientTemplate.queryForList(SqlMapClientTemplate.java:293)
	at com.haiegoo.shopping.service.product.impl.PropertyServiceImpl.getPropertyList(PropertyServiceImpl.java:46)
	... 30 more
Caused by: com.ibatis.common.jdbc.exception.NestedSQLException:   
--- The error occurred in com/haiegoo/shopping/dao/sqlmap/Property.sqlmap.xml.  
--- The error occurred while applying a result map.  
--- Check the Property.resultMap.  
--- Check the result mapping for the 'isSelected' property.  
--- Cause: java.sql.SQLException: Column 'is_selected' not found.
	at com.ibatis.sqlmap.engine.mapping.statement.MappedStatement.executeQueryWithCallback(MappedStatement.java:201)
	at com.ibatis.sqlmap.engine.mapping.statement.MappedStatement.executeQueryForList(MappedStatement.java:139)
	at com.ibatis.sqlmap.engine.impl.SqlMapExecutorDelegate.queryForList(SqlMapExecutorDelegate.java:567)
	at com.ibatis.sqlmap.engine.impl.SqlMapExecutorDelegate.queryForList(SqlMapExecutorDelegate.java:541)
	at com.ibatis.sqlmap.engine.impl.SqlMapSessionImpl.queryForList(SqlMapSessionImpl.java:118)
	at org.springframework.orm.ibatis.SqlMapClientTemplate$3.doInSqlMapClient(SqlMapClientTemplate.java:295)
	at org.springframework.orm.ibatis.SqlMapClientTemplate$3.doInSqlMapClient(SqlMapClientTemplate.java:1)
	at org.springframework.orm.ibatis.SqlMapClientTemplate.execute(SqlMapClientTemplate.java:200)
	... 32 more
Caused by: java.sql.SQLException: Column 'is_selected' not found.
	at com.mysql.jdbc.SQLError.createSQLException(SQLError.java:1086)
	at com.mysql.jdbc.SQLError.createSQLException(SQLError.java:989)
	at com.mysql.jdbc.SQLError.createSQLException(SQLError.java:975)
	at com.mysql.jdbc.SQLError.createSQLException(SQLError.java:920)
	at com.mysql.jdbc.ResultSetImpl.findColumn(ResultSetImpl.java:1163)
	at com.mysql.jdbc.ResultSetImpl.getByte(ResultSetImpl.java:1834)
	at sun.reflect.NativeMethodAccessorImpl.invoke0(Native Method)
	at sun.reflect.NativeMethodAccessorImpl.invoke(NativeMethodAccessorImpl.java:39)
	at sun.reflect.DelegatingMethodAccessorImpl.invoke(DelegatingMethodAccessorImpl.java:25)
	at java.lang.reflect.Method.invoke(Method.java:597)
	at com.ibatis.common.jdbc.logging.ResultSetLogProxy.invoke(ResultSetLogProxy.java:47)
	at com.sun.proxy.$Proxy14.getByte(Unknown Source)
	at com.ibatis.sqlmap.engine.type.ByteTypeHandler.getResult(ByteTypeHandler.java:35)
	at com.ibatis.sqlmap.engine.mapping.result.ResultMap.getPrimitiveResultMappingValue(ResultMap.java:619)
	at com.ibatis.sqlmap.engine.mapping.result.ResultMap.getResults(ResultMap.java:345)
	at com.ibatis.sqlmap.engine.execution.SqlExecutor.handleResults(SqlExecutor.java:384)
	at com.ibatis.sqlmap.engine.execution.SqlExecutor.handleMultipleResults(SqlExecutor.java:300)
	at com.ibatis.sqlmap.engine.execution.SqlExecutor.executeQuery(SqlExecutor.java:189)
	at com.ibatis.sqlmap.engine.mapping.statement.MappedStatement.sqlExecuteQuery(MappedStatement.java:221)
	at com.ibatis.sqlmap.engine.mapping.statement.MappedStatement.executeQueryWithCallback(MappedStatement.java:189)
	... 39 more
