2014-04-20 17:41:16,741 DEBUG - {conn-100000} Connection [java.sql.Connection]
2014-04-20 17:41:16,757 DEBUG - {conn-100000} Preparing Statement:    select a.*,    (select count(b.id) from product b where b.brand_id =a.id) product_count   from brand a                 order by sort   [java.sql.Connection]
2014-04-20 17:41:16,921 DEBUG - {pstm-100001} Executing Statement:    select a.*,    (select count(b.id) from product b where b.brand_id =a.id) product_count   from brand a                 order by sort   [java.sql.PreparedStatement]
2014-04-20 17:41:16,921 DEBUG - {pstm-100001} Parameters: [] [java.sql.PreparedStatement]
2014-04-20 17:41:16,921 DEBUG - {pstm-100001} Types: [] [java.sql.PreparedStatement]
2014-04-20 17:55:46,386 DEBUG - {conn-100003} Connection [java.sql.Connection]
2014-04-20 17:55:46,386 DEBUG - {conn-100003} Preparing Statement:    select a.*,    (select count(b.id) from product b where b.brand_id =a.id) product_count   from brand a                 order by sort   [java.sql.Connection]
2014-04-20 17:55:46,397 DEBUG - {pstm-100004} Executing Statement:    select a.*,    (select count(b.id) from product b where b.brand_id =a.id) product_count   from brand a                 order by sort   [java.sql.PreparedStatement]
2014-04-20 17:55:46,397 DEBUG - {pstm-100004} Parameters: [] [java.sql.PreparedStatement]
2014-04-20 17:55:46,397 DEBUG - {pstm-100004} Types: [] [java.sql.PreparedStatement]
2014-04-20 19:07:27,098 DEBUG - {conn-100006} Connection [java.sql.Connection]
2014-04-20 19:07:27,099 DEBUG - {conn-100006} Preparing Statement:    SELECT a.*,   (    SELECT COUNT(*) FROM product    WHERE    cate_id IN (SELECT id FROM category WHERE path LIKE CONCAT(a.path,'%'))   ) product_count   FROM category a                     order by sort   [java.sql.Connection]
2014-04-20 19:07:43,186 DEBUG - {conn-100007} Connection [java.sql.Connection]
2014-04-20 19:07:43,186 DEBUG - {conn-100007} Preparing Statement:    select a.*,    (select count(b.id) from product b where b.brand_id =a.id) product_count   from brand a                 order by sort   [java.sql.Connection]
2014-04-20 19:08:10,505 DEBUG - {conn-100008} Connection [java.sql.Connection]
2014-04-20 19:08:10,505 DEBUG - {conn-100008} Preparing Statement:    select a.*,    (select count(b.id) from product b where b.brand_id =a.id) product_count   from brand a                 order by sort   [java.sql.Connection]
2014-04-20 19:11:55,052 DEBUG - {conn-100000} Connection [java.sql.Connection]
2014-04-20 19:11:55,065 DEBUG - {conn-100000} Preparing Statement:    select a.*,    (select count(b.id) from product b where b.brand_id =a.id) product_count   from brand a                 order by sort   [java.sql.Connection]
2014-04-20 19:11:55,199 DEBUG - {pstm-100001} Executing Statement:    select a.*,    (select count(b.id) from product b where b.brand_id =a.id) product_count   from brand a                 order by sort   [java.sql.PreparedStatement]
2014-04-20 19:11:55,199 DEBUG - {pstm-100001} Parameters: [] [java.sql.PreparedStatement]
2014-04-20 19:11:55,199 DEBUG - {pstm-100001} Types: [] [java.sql.PreparedStatement]
2014-04-20 19:11:57,639 DEBUG - {conn-100003} Connection [java.sql.Connection]
2014-04-20 19:11:57,639 DEBUG - {conn-100003} Preparing Statement:    select a.*,    (select count(b.id) from product b where b.brand_id =a.id) product_count   from brand a                 order by sort   [java.sql.Connection]
2014-04-20 19:11:57,653 DEBUG - {pstm-100004} Executing Statement:    select a.*,    (select count(b.id) from product b where b.brand_id =a.id) product_count   from brand a                 order by sort   [java.sql.PreparedStatement]
2014-04-20 19:11:57,653 DEBUG - {pstm-100004} Parameters: [] [java.sql.PreparedStatement]
2014-04-20 19:11:57,653 DEBUG - {pstm-100004} Types: [] [java.sql.PreparedStatement]
2014-04-20 19:11:58,342 DEBUG - {conn-100006} Connection [java.sql.Connection]
2014-04-20 19:11:58,342 DEBUG - {conn-100006} Preparing Statement:    select a.*,    (select count(b.id) from product b where b.brand_id =a.id) product_count   from brand a                 order by sort   [java.sql.Connection]
2014-04-20 19:11:58,358 DEBUG - {pstm-100007} Executing Statement:    select a.*,    (select count(b.id) from product b where b.brand_id =a.id) product_count   from brand a                 order by sort   [java.sql.PreparedStatement]
2014-04-20 19:11:58,358 DEBUG - {pstm-100007} Parameters: [] [java.sql.PreparedStatement]
2014-04-20 19:11:58,358 DEBUG - {pstm-100007} Types: [] [java.sql.PreparedStatement]
2014-04-20 19:12:03,944 DEBUG - {conn-100009} Connection [java.sql.Connection]
2014-04-20 19:12:03,945 DEBUG - {conn-100009} Preparing Statement:    SELECT a.*,   (    SELECT COUNT(*) FROM product    WHERE    cate_id IN (SELECT id FROM category WHERE path LIKE CONCAT(a.path,'%'))   ) product_count   FROM category a                     order by sort   [java.sql.Connection]
2014-04-20 19:12:03,954 DEBUG - {pstm-100010} Executing Statement:    SELECT a.*,   (    SELECT COUNT(*) FROM product    WHERE    cate_id IN (SELECT id FROM category WHERE path LIKE CONCAT(a.path,'%'))   ) product_count   FROM category a                     order by sort   [java.sql.PreparedStatement]
2014-04-20 19:12:03,954 DEBUG - {pstm-100010} Parameters: [] [java.sql.PreparedStatement]
2014-04-20 19:12:03,954 DEBUG - {pstm-100010} Types: [] [java.sql.PreparedStatement]
2014-04-20 19:16:51,129 DEBUG - {conn-100012} Connection [java.sql.Connection]
2014-04-20 19:16:51,129 DEBUG - {conn-100012} Preparing Statement:    select * from specification                     order by sort    [java.sql.Connection]
2014-04-20 19:16:51,141 DEBUG - {pstm-100013} Executing Statement:    select * from specification                     order by sort    [java.sql.PreparedStatement]
2014-04-20 19:16:51,141 DEBUG - {pstm-100013} Parameters: [] [java.sql.PreparedStatement]
2014-04-20 19:16:51,141 DEBUG - {pstm-100013} Types: [] [java.sql.PreparedStatement]
2014-04-20 19:20:37,456 DEBUG - {conn-100015} Connection [java.sql.Connection]
2014-04-20 19:20:37,456 DEBUG - {conn-100015} Preparing Statement:      select *     from property               order by sort    [java.sql.Connection]
2014-04-20 19:20:37,465 DEBUG - {pstm-100016} Executing Statement:      select *     from property               order by sort    [java.sql.PreparedStatement]
2014-04-20 19:20:37,465 DEBUG - {pstm-100016} Parameters: [] [java.sql.PreparedStatement]
2014-04-20 19:20:37,465 DEBUG - {pstm-100016} Types: [] [java.sql.PreparedStatement]
2014-04-20 19:20:46,648 DEBUG - {conn-100018} Connection [java.sql.Connection]
2014-04-20 19:20:46,648 DEBUG - {conn-100018} Preparing Statement:      update specification     set                pid = ?              ,         path = ?              ,         name = ?              ,         cate_path = ?                        where id = ?    [java.sql.Connection]
2014-04-20 19:20:46,663 DEBUG - {pstm-100019} Executing Statement:      update specification     set                pid = ?              ,         path = ?              ,         name = ?              ,         cate_path = ?                        where id = ?    [java.sql.PreparedStatement]
2014-04-20 19:20:46,663 DEBUG - {pstm-100019} Parameters: [2, 2/10, 1112, 1112, 10] [java.sql.PreparedStatement]
2014-04-20 19:20:46,663 DEBUG - {pstm-100019} Types: [java.lang.Integer, java.lang.String, java.lang.String, java.lang.String, java.lang.Integer] [java.sql.PreparedStatement]
2014-04-20 20:00:26,348 DEBUG - {conn-100000} Connection [java.sql.Connection]
2014-04-20 20:00:26,360 DEBUG - {conn-100000} Preparing Statement:    select * from specification                     order by sort    [java.sql.Connection]
2014-04-20 20:00:26,452 DEBUG - {pstm-100001} Executing Statement:    select * from specification                     order by sort    [java.sql.PreparedStatement]
2014-04-20 20:00:26,452 DEBUG - {pstm-100001} Parameters: [] [java.sql.PreparedStatement]
2014-04-20 20:00:26,453 DEBUG - {pstm-100001} Types: [] [java.sql.PreparedStatement]
2014-04-20 20:02:19,092 DEBUG - {conn-100003} Connection [java.sql.Connection]
2014-04-20 20:02:19,092 DEBUG - {conn-100003} Preparing Statement:    select a.*,    (select count(b.id) from product b where b.brand_id =a.id) product_count   from brand a                 order by sort   [java.sql.Connection]
2014-04-20 20:02:19,100 DEBUG - {pstm-100004} Executing Statement:    select a.*,    (select count(b.id) from product b where b.brand_id =a.id) product_count   from brand a                 order by sort   [java.sql.PreparedStatement]
2014-04-20 20:02:19,100 DEBUG - {pstm-100004} Parameters: [] [java.sql.PreparedStatement]
2014-04-20 20:02:19,100 DEBUG - {pstm-100004} Types: [] [java.sql.PreparedStatement]
2014-04-20 20:02:20,509 DEBUG - {conn-100006} Connection [java.sql.Connection]
2014-04-20 20:02:20,510 DEBUG - {conn-100006} Preparing Statement:    SELECT a.*,   (    SELECT COUNT(*) FROM product    WHERE    cate_id IN (SELECT id FROM category WHERE path LIKE CONCAT(a.path,'%'))   ) product_count   FROM category a                     order by sort   [java.sql.Connection]
2014-04-20 20:02:20,517 DEBUG - {pstm-100007} Executing Statement:    SELECT a.*,   (    SELECT COUNT(*) FROM product    WHERE    cate_id IN (SELECT id FROM category WHERE path LIKE CONCAT(a.path,'%'))   ) product_count   FROM category a                     order by sort   [java.sql.PreparedStatement]
2014-04-20 20:02:20,517 DEBUG - {pstm-100007} Parameters: [] [java.sql.PreparedStatement]
2014-04-20 20:02:20,517 DEBUG - {pstm-100007} Types: [] [java.sql.PreparedStatement]
2014-04-20 20:03:38,104 DEBUG - {conn-100009} Connection [java.sql.Connection]
2014-04-20 20:03:38,105 DEBUG - {conn-100009} Preparing Statement:    select a.*,    (select count(b.id) from product b where b.brand_id =a.id) product_count   from brand a                 order by sort   [java.sql.Connection]
2014-04-20 20:03:38,116 DEBUG - {pstm-100010} Executing Statement:    select a.*,    (select count(b.id) from product b where b.brand_id =a.id) product_count   from brand a                 order by sort   [java.sql.PreparedStatement]
2014-04-20 20:03:38,116 DEBUG - {pstm-100010} Parameters: [] [java.sql.PreparedStatement]
2014-04-20 20:03:38,116 DEBUG - {pstm-100010} Types: [] [java.sql.PreparedStatement]
2014-04-20 20:03:49,836 DEBUG - {conn-100012} Connection [java.sql.Connection]
2014-04-20 20:03:49,837 DEBUG - {conn-100012} Preparing Statement:    select a.*,    (select count(b.id) from product b where b.brand_id =a.id) product_count   from brand a                 order by sort   [java.sql.Connection]
2014-04-20 20:03:49,844 DEBUG - {pstm-100013} Executing Statement:    select a.*,    (select count(b.id) from product b where b.brand_id =a.id) product_count   from brand a                 order by sort   [java.sql.PreparedStatement]
2014-04-20 20:03:49,845 DEBUG - {pstm-100013} Parameters: [] [java.sql.PreparedStatement]
2014-04-20 20:03:49,845 DEBUG - {pstm-100013} Types: [] [java.sql.PreparedStatement]
2014-04-20 20:04:07,702 DEBUG - {conn-100015} Connection [java.sql.Connection]
2014-04-20 20:04:07,702 DEBUG - {conn-100015} Preparing Statement:    select a.*,    (select count(b.id) from product b where b.brand_id =a.id) product_count   from brand a                 order by sort   [java.sql.Connection]
2014-04-20 20:04:07,710 DEBUG - {pstm-100016} Executing Statement:    select a.*,    (select count(b.id) from product b where b.brand_id =a.id) product_count   from brand a                 order by sort   [java.sql.PreparedStatement]
2014-04-20 20:04:07,710 DEBUG - {pstm-100016} Parameters: [] [java.sql.PreparedStatement]
2014-04-20 20:04:07,710 DEBUG - {pstm-100016} Types: [] [java.sql.PreparedStatement]
2014-04-20 20:04:42,174 DEBUG - {conn-100018} Connection [java.sql.Connection]
2014-04-20 20:04:42,174 DEBUG - {conn-100018} Preparing Statement:    select a.*,    (select count(b.id) from product b where b.brand_id =a.id) product_count   from brand a                 order by sort   [java.sql.Connection]
2014-04-20 20:04:42,180 DEBUG - {pstm-100019} Executing Statement:    select a.*,    (select count(b.id) from product b where b.brand_id =a.id) product_count   from brand a                 order by sort   [java.sql.PreparedStatement]
2014-04-20 20:04:42,180 DEBUG - {pstm-100019} Parameters: [] [java.sql.PreparedStatement]
2014-04-20 20:04:42,180 DEBUG - {pstm-100019} Types: [] [java.sql.PreparedStatement]
2014-04-20 20:04:48,478 DEBUG - {conn-100021} Connection [java.sql.Connection]
2014-04-20 20:04:48,478 DEBUG - {conn-100021} Preparing Statement:    SELECT a.*,   (    SELECT COUNT(*) FROM product    WHERE    cate_id IN (SELECT id FROM category WHERE path LIKE CONCAT(a.path,'%'))   ) product_count   FROM category a                     order by sort   [java.sql.Connection]
2014-04-20 20:04:48,488 DEBUG - {pstm-100022} Executing Statement:    SELECT a.*,   (    SELECT COUNT(*) FROM product    WHERE    cate_id IN (SELECT id FROM category WHERE path LIKE CONCAT(a.path,'%'))   ) product_count   FROM category a                     order by sort   [java.sql.PreparedStatement]
2014-04-20 20:04:48,488 DEBUG - {pstm-100022} Parameters: [] [java.sql.PreparedStatement]
2014-04-20 20:04:48,488 DEBUG - {pstm-100022} Types: [] [java.sql.PreparedStatement]
2014-04-20 20:05:11,467 DEBUG - {conn-100024} Connection [java.sql.Connection]
2014-04-20 20:05:11,468 DEBUG - {conn-100024} Preparing Statement:    select a.*,    (select count(b.id) from product b where b.brand_id =a.id) product_count   from brand a                 order by sort   [java.sql.Connection]
2014-04-20 20:05:11,476 DEBUG - {pstm-100025} Executing Statement:    select a.*,    (select count(b.id) from product b where b.brand_id =a.id) product_count   from brand a                 order by sort   [java.sql.PreparedStatement]
2014-04-20 20:05:11,476 DEBUG - {pstm-100025} Parameters: [] [java.sql.PreparedStatement]
2014-04-20 20:05:11,476 DEBUG - {pstm-100025} Types: [] [java.sql.PreparedStatement]
2014-04-20 20:06:11,305 DEBUG - {conn-100027} Connection [java.sql.Connection]
2014-04-20 20:06:11,305 DEBUG - {conn-100027} Preparing Statement:    select * from specification                     order by sort    [java.sql.Connection]
2014-04-20 20:06:11,313 DEBUG - {pstm-100028} Executing Statement:    select * from specification                     order by sort    [java.sql.PreparedStatement]
2014-04-20 20:06:11,313 DEBUG - {pstm-100028} Parameters: [] [java.sql.PreparedStatement]
2014-04-20 20:06:11,313 DEBUG - {pstm-100028} Types: [] [java.sql.PreparedStatement]
2014-04-20 20:08:07,009 DEBUG - {conn-100030} Connection [java.sql.Connection]
2014-04-20 20:08:07,009 DEBUG - {conn-100030} Preparing Statement:    select * from specification                     order by sort    [java.sql.Connection]
2014-04-20 20:08:07,015 DEBUG - {pstm-100031} Executing Statement:    select * from specification                     order by sort    [java.sql.PreparedStatement]
2014-04-20 20:08:07,015 DEBUG - {pstm-100031} Parameters: [] [java.sql.PreparedStatement]
2014-04-20 20:08:07,015 DEBUG - {pstm-100031} Types: [] [java.sql.PreparedStatement]
2014-04-20 20:08:25,999 DEBUG - {conn-100033} Connection [java.sql.Connection]
2014-04-20 20:08:25,999 DEBUG - {conn-100033} Preparing Statement:    select * from specification                     order by sort    [java.sql.Connection]
2014-04-20 20:08:26,004 DEBUG - {pstm-100034} Executing Statement:    select * from specification                     order by sort    [java.sql.PreparedStatement]
2014-04-20 20:08:26,004 DEBUG - {pstm-100034} Parameters: [] [java.sql.PreparedStatement]
2014-04-20 20:08:26,004 DEBUG - {pstm-100034} Types: [] [java.sql.PreparedStatement]
2014-04-20 20:08:33,892 DEBUG - {conn-100036} Connection [java.sql.Connection]
2014-04-20 20:08:33,892 DEBUG - {conn-100036} Preparing Statement:    select * from specification                     order by sort    [java.sql.Connection]
2014-04-20 20:08:33,900 DEBUG - {pstm-100037} Executing Statement:    select * from specification                     order by sort    [java.sql.PreparedStatement]
2014-04-20 20:08:33,900 DEBUG - {pstm-100037} Parameters: [] [java.sql.PreparedStatement]
2014-04-20 20:08:33,900 DEBUG - {pstm-100037} Types: [] [java.sql.PreparedStatement]
2014-04-20 20:09:25,911 DEBUG - {conn-100039} Connection [java.sql.Connection]
2014-04-20 20:09:25,911 DEBUG - {conn-100039} Preparing Statement:    select * from specification                     order by sort    [java.sql.Connection]
2014-04-20 20:09:25,945 DEBUG - {pstm-100040} Executing Statement:    select * from specification                     order by sort    [java.sql.PreparedStatement]
2014-04-20 20:09:25,945 DEBUG - {pstm-100040} Parameters: [] [java.sql.PreparedStatement]
2014-04-20 20:09:25,945 DEBUG - {pstm-100040} Types: [] [java.sql.PreparedStatement]
2014-04-20 21:15:36,201 DEBUG - {conn-100042} Connection [java.sql.Connection]
2014-04-20 21:15:36,201 DEBUG - {conn-100042} Preparing Statement:    select * from specification                     order by sort    [java.sql.Connection]
2014-04-20 21:15:58,683 DEBUG - {conn-100043} Connection [java.sql.Connection]
2014-04-20 21:15:58,684 DEBUG - {conn-100043} Preparing Statement:    select * from specification                     order by sort    [java.sql.Connection]
2014-04-20 21:16:03,524 DEBUG - {conn-100044} Connection [java.sql.Connection]
2014-04-20 21:16:03,524 DEBUG - {conn-100044} Preparing Statement:    select a.*,    (select count(b.id) from product b where b.brand_id =a.id) product_count   from brand a                 order by sort   [java.sql.Connection]
2014-04-20 21:16:42,364 DEBUG - {conn-100045} Connection [java.sql.Connection]
2014-04-20 21:16:42,365 DEBUG - {conn-100045} Preparing Statement:    select a.*,    (select count(b.id) from product b where b.brand_id =a.id) product_count   from brand a                 order by sort   [java.sql.Connection]
2014-04-20 21:17:05,699 DEBUG - {conn-100046} Connection [java.sql.Connection]
2014-04-20 21:17:05,699 DEBUG - {conn-100046} Preparing Statement:    select a.*,    (select count(b.id) from product b where b.brand_id =a.id) product_count   from brand a                 order by sort   [java.sql.Connection]
2014-04-20 21:17:36,928 DEBUG - {conn-100047} Connection [java.sql.Connection]
2014-04-20 21:17:36,929 DEBUG - {conn-100047} Preparing Statement:    select a.*,    (select count(b.id) from product b where b.brand_id =a.id) product_count   from brand a                 order by sort   [java.sql.Connection]
2014-04-20 21:17:54,997 DEBUG - {pstm-100048} Executing Statement:    select * from specification                     order by sort    [java.sql.PreparedStatement]
2014-04-20 21:17:54,997 DEBUG - {pstm-100048} Parameters: [] [java.sql.PreparedStatement]
2014-04-20 21:17:54,998 DEBUG - {pstm-100048} Types: [] [java.sql.PreparedStatement]
2014-04-20 21:17:55,098 DEBUG - {pstm-100050} Executing Statement:    select a.*,    (select count(b.id) from product b where b.brand_id =a.id) product_count   from brand a                 order by sort   [java.sql.PreparedStatement]
2014-04-20 21:17:55,098 DEBUG - {pstm-100050} Parameters: [] [java.sql.PreparedStatement]
2014-04-20 21:17:55,098 DEBUG - {pstm-100050} Types: [] [java.sql.PreparedStatement]
2014-04-20 21:17:55,105 DEBUG - {pstm-100051} Executing Statement:    select a.*,    (select count(b.id) from product b where b.brand_id =a.id) product_count   from brand a                 order by sort   [java.sql.PreparedStatement]
2014-04-20 21:17:55,105 DEBUG - {pstm-100051} Parameters: [] [java.sql.PreparedStatement]
2014-04-20 21:17:55,106 DEBUG - {pstm-100051} Types: [] [java.sql.PreparedStatement]
2014-04-20 21:17:55,217 DEBUG - {pstm-100054} Executing Statement:    select a.*,    (select count(b.id) from product b where b.brand_id =a.id) product_count   from brand a                 order by sort   [java.sql.PreparedStatement]
2014-04-20 21:17:55,217 DEBUG - {pstm-100054} Parameters: [] [java.sql.PreparedStatement]
2014-04-20 21:17:55,217 DEBUG - {pstm-100054} Types: [] [java.sql.PreparedStatement]
2014-04-20 21:17:55,226 DEBUG - {pstm-100055} Executing Statement:    select a.*,    (select count(b.id) from product b where b.brand_id =a.id) product_count   from brand a                 order by sort   [java.sql.PreparedStatement]
2014-04-20 21:17:55,226 DEBUG - {pstm-100055} Parameters: [] [java.sql.PreparedStatement]
2014-04-20 21:17:55,226 DEBUG - {pstm-100055} Types: [] [java.sql.PreparedStatement]
2014-04-20 21:17:55,235 DEBUG - {pstm-100057} Executing Statement:    select * from specification                     order by sort    [java.sql.PreparedStatement]
2014-04-20 21:17:55,235 DEBUG - {pstm-100057} Parameters: [] [java.sql.PreparedStatement]
2014-04-20 21:17:55,236 DEBUG - {pstm-100057} Types: [] [java.sql.PreparedStatement]
2014-04-20 21:18:19,371 DEBUG - {conn-100060} Connection [java.sql.Connection]
2014-04-20 21:18:19,371 DEBUG - {conn-100060} Preparing Statement:    select a.*,    (select count(b.id) from product b where b.brand_id =a.id) product_count   from brand a                 order by sort   [java.sql.Connection]
2014-04-20 21:18:19,377 DEBUG - {pstm-100061} Executing Statement:    select a.*,    (select count(b.id) from product b where b.brand_id =a.id) product_count   from brand a                 order by sort   [java.sql.PreparedStatement]
2014-04-20 21:18:19,377 DEBUG - {pstm-100061} Parameters: [] [java.sql.PreparedStatement]
2014-04-20 21:18:19,377 DEBUG - {pstm-100061} Types: [] [java.sql.PreparedStatement]
2014-04-20 21:18:21,324 DEBUG - {conn-100063} Connection [java.sql.Connection]
2014-04-20 21:18:21,325 DEBUG - {conn-100063} Preparing Statement:    SELECT a.*,   (    SELECT COUNT(*) FROM product    WHERE    cate_id IN (SELECT id FROM category WHERE path LIKE CONCAT(a.path,'%'))   ) product_count   FROM category a                     order by sort   [java.sql.Connection]
2014-04-20 21:18:21,330 DEBUG - {pstm-100064} Executing Statement:    SELECT a.*,   (    SELECT COUNT(*) FROM product    WHERE    cate_id IN (SELECT id FROM category WHERE path LIKE CONCAT(a.path,'%'))   ) product_count   FROM category a                     order by sort   [java.sql.PreparedStatement]
2014-04-20 21:18:21,330 DEBUG - {pstm-100064} Parameters: [] [java.sql.PreparedStatement]
2014-04-20 21:18:21,330 DEBUG - {pstm-100064} Types: [] [java.sql.PreparedStatement]
2014-04-20 21:18:23,318 DEBUG - {conn-100066} Connection [java.sql.Connection]
2014-04-20 21:18:23,318 DEBUG - {conn-100066} Preparing Statement:    select a.*,    (select count(b.id) from product b where b.brand_id =a.id) product_count   from brand a                 order by sort   [java.sql.Connection]
2014-04-20 21:18:23,327 DEBUG - {pstm-100067} Executing Statement:    select a.*,    (select count(b.id) from product b where b.brand_id =a.id) product_count   from brand a                 order by sort   [java.sql.PreparedStatement]
2014-04-20 21:18:23,327 DEBUG - {pstm-100067} Parameters: [] [java.sql.PreparedStatement]
2014-04-20 21:18:23,327 DEBUG - {pstm-100067} Types: [] [java.sql.PreparedStatement]
2014-04-20 21:18:28,874 DEBUG - {conn-100069} Connection [java.sql.Connection]
2014-04-20 21:18:28,874 DEBUG - {conn-100069} Preparing Statement:    select a.*,    (select count(b.id) from product b where b.brand_id =a.id) product_count   from brand a                 order by sort   [java.sql.Connection]
2014-04-20 21:18:28,882 DEBUG - {pstm-100070} Executing Statement:    select a.*,    (select count(b.id) from product b where b.brand_id =a.id) product_count   from brand a                 order by sort   [java.sql.PreparedStatement]
2014-04-20 21:18:28,882 DEBUG - {pstm-100070} Parameters: [] [java.sql.PreparedStatement]
2014-04-20 21:18:28,882 DEBUG - {pstm-100070} Types: [] [java.sql.PreparedStatement]
2014-04-20 21:18:34,355 DEBUG - {conn-100072} Connection [java.sql.Connection]
2014-04-20 21:18:34,355 DEBUG - {conn-100072} Preparing Statement:    SELECT a.*,   (    SELECT COUNT(*) FROM product    WHERE    cate_id IN (SELECT id FROM category WHERE path LIKE CONCAT(a.path,'%'))   ) product_count   FROM category a                     order by sort   [java.sql.Connection]
2014-04-20 21:18:34,363 DEBUG - {pstm-100073} Executing Statement:    SELECT a.*,   (    SELECT COUNT(*) FROM product    WHERE    cate_id IN (SELECT id FROM category WHERE path LIKE CONCAT(a.path,'%'))   ) product_count   FROM category a                     order by sort   [java.sql.PreparedStatement]
2014-04-20 21:18:34,363 DEBUG - {pstm-100073} Parameters: [] [java.sql.PreparedStatement]
2014-04-20 21:18:34,363 DEBUG - {pstm-100073} Types: [] [java.sql.PreparedStatement]
2014-04-20 21:19:22,525 DEBUG - {conn-100075} Connection [java.sql.Connection]
2014-04-20 21:19:22,525 DEBUG - {conn-100075} Preparing Statement:    select * from specification                     order by sort    [java.sql.Connection]
2014-04-20 21:19:22,532 DEBUG - {pstm-100076} Executing Statement:    select * from specification                     order by sort    [java.sql.PreparedStatement]
2014-04-20 21:19:22,533 DEBUG - {pstm-100076} Parameters: [] [java.sql.PreparedStatement]
2014-04-20 21:19:22,533 DEBUG - {pstm-100076} Types: [] [java.sql.PreparedStatement]
2014-04-20 21:22:28,085 DEBUG - {conn-100078} Connection [java.sql.Connection]
2014-04-20 21:22:28,085 DEBUG - {conn-100078} Preparing Statement:    select * from specification                     order by sort    [java.sql.Connection]
2014-04-20 21:22:28,093 DEBUG - {pstm-100079} Executing Statement:    select * from specification                     order by sort    [java.sql.PreparedStatement]
2014-04-20 21:22:28,093 DEBUG - {pstm-100079} Parameters: [] [java.sql.PreparedStatement]
2014-04-20 21:22:28,093 DEBUG - {pstm-100079} Types: [] [java.sql.PreparedStatement]
2014-04-20 21:22:56,596 DEBUG - {conn-100081} Connection [java.sql.Connection]
2014-04-20 21:22:56,596 DEBUG - {conn-100081} Preparing Statement:    select * from specification                     order by sort    [java.sql.Connection]
2014-04-20 21:22:56,604 DEBUG - {pstm-100082} Executing Statement:    select * from specification                     order by sort    [java.sql.PreparedStatement]
2014-04-20 21:22:56,605 DEBUG - {pstm-100082} Parameters: [] [java.sql.PreparedStatement]
2014-04-20 21:22:56,605 DEBUG - {pstm-100082} Types: [] [java.sql.PreparedStatement]
2014-04-20 21:23:24,397 DEBUG - {conn-100084} Connection [java.sql.Connection]
2014-04-20 21:23:24,398 DEBUG - {conn-100084} Preparing Statement:    select * from specification                     order by sort    [java.sql.Connection]
2014-04-20 21:23:24,404 DEBUG - {pstm-100085} Executing Statement:    select * from specification                     order by sort    [java.sql.PreparedStatement]
2014-04-20 21:23:24,405 DEBUG - {pstm-100085} Parameters: [] [java.sql.PreparedStatement]
2014-04-20 21:23:24,405 DEBUG - {pstm-100085} Types: [] [java.sql.PreparedStatement]
2014-04-20 21:23:55,425 DEBUG - {conn-100087} Connection [java.sql.Connection]
2014-04-20 21:23:55,425 DEBUG - {conn-100087} Preparing Statement:    select * from specification                     order by sort    [java.sql.Connection]
2014-04-20 21:23:55,435 DEBUG - {pstm-100088} Executing Statement:    select * from specification                     order by sort    [java.sql.PreparedStatement]
2014-04-20 21:23:55,435 DEBUG - {pstm-100088} Parameters: [] [java.sql.PreparedStatement]
2014-04-20 21:23:55,435 DEBUG - {pstm-100088} Types: [] [java.sql.PreparedStatement]
2014-04-20 21:24:48,552 DEBUG - {conn-100090} Connection [java.sql.Connection]
2014-04-20 21:24:48,552 DEBUG - {conn-100090} Preparing Statement:    select * from specification                     order by sort    [java.sql.Connection]
2014-04-20 21:24:48,564 DEBUG - {pstm-100091} Executing Statement:    select * from specification                     order by sort    [java.sql.PreparedStatement]
2014-04-20 21:24:48,564 DEBUG - {pstm-100091} Parameters: [] [java.sql.PreparedStatement]
2014-04-20 21:24:48,565 DEBUG - {pstm-100091} Types: [] [java.sql.PreparedStatement]
2014-04-20 21:26:14,963 DEBUG - {conn-100093} Connection [java.sql.Connection]
2014-04-20 21:26:14,963 DEBUG - {conn-100093} Preparing Statement:    select * from specification                     order by sort    [java.sql.Connection]
2014-04-20 21:26:14,971 DEBUG - {pstm-100094} Executing Statement:    select * from specification                     order by sort    [java.sql.PreparedStatement]
2014-04-20 21:26:14,971 DEBUG - {pstm-100094} Parameters: [] [java.sql.PreparedStatement]
2014-04-20 21:26:14,971 DEBUG - {pstm-100094} Types: [] [java.sql.PreparedStatement]
2014-04-20 21:27:40,123 DEBUG - {conn-100096} Connection [java.sql.Connection]
2014-04-20 21:27:40,124 DEBUG - {conn-100096} Preparing Statement:    select * from specification                     order by sort    [java.sql.Connection]
2014-04-20 21:27:40,132 DEBUG - {pstm-100097} Executing Statement:    select * from specification                     order by sort    [java.sql.PreparedStatement]
2014-04-20 21:27:40,132 DEBUG - {pstm-100097} Parameters: [] [java.sql.PreparedStatement]
2014-04-20 21:27:40,132 DEBUG - {pstm-100097} Types: [] [java.sql.PreparedStatement]
2014-04-20 22:08:53,628 DEBUG - {conn-100099} Connection [java.sql.Connection]
2014-04-20 22:08:53,628 DEBUG - {conn-100099} Preparing Statement:      update specification     set                pid = ?              ,         path = ?              ,         name = ?                     ,         cate_path = ?                        where id = ?    [java.sql.Connection]
2014-04-20 22:08:58,562 DEBUG - {conn-100100} Connection [java.sql.Connection]
2014-04-20 22:08:58,562 DEBUG - {conn-100100} Preparing Statement:    select * from specification                     order by sort    [java.sql.Connection]
2014-04-20 22:09:38,139 DEBUG - {conn-100101} Connection [java.sql.Connection]
2014-04-20 22:09:38,140 DEBUG - {conn-100101} Preparing Statement:    select * from specification                     order by sort    [java.sql.Connection]
2014-04-20 22:09:49,562 DEBUG - {conn-100102} Connection [java.sql.Connection]
2014-04-20 22:09:49,563 DEBUG - {conn-100102} Preparing Statement:    select * from specification                     order by sort    [java.sql.Connection]
2014-04-20 22:09:58,636 DEBUG - {pstm-100103} Executing Statement:      update specification     set                pid = ?              ,         path = ?              ,         name = ?                     ,         cate_path = ?                        where id = ?    [java.sql.PreparedStatement]
2014-04-20 22:09:58,637 DEBUG - {pstm-100103} Parameters: [2, 2/10, 11121, 1112, 10] [java.sql.PreparedStatement]
2014-04-20 22:09:58,637 DEBUG - {pstm-100103} Types: [java.lang.Integer, java.lang.String, java.lang.String, java.lang.String, java.lang.Integer] [java.sql.PreparedStatement]
2014-04-20 22:09:58,732 DEBUG - {pstm-100104} Executing Statement:    select * from specification                     order by sort    [java.sql.PreparedStatement]
2014-04-20 22:09:58,732 DEBUG - {pstm-100104} Parameters: [] [java.sql.PreparedStatement]
2014-04-20 22:09:58,732 DEBUG - {pstm-100104} Types: [] [java.sql.PreparedStatement]
2014-04-20 22:09:58,743 DEBUG - {pstm-100106} Executing Statement:    select * from specification                     order by sort    [java.sql.PreparedStatement]
2014-04-20 22:09:58,743 DEBUG - {pstm-100106} Parameters: [] [java.sql.PreparedStatement]
2014-04-20 22:09:58,743 DEBUG - {pstm-100106} Types: [] [java.sql.PreparedStatement]
2014-04-20 22:09:58,760 DEBUG - {pstm-100107} Executing Statement:    select * from specification                     order by sort    [java.sql.PreparedStatement]
2014-04-20 22:09:58,760 DEBUG - {pstm-100107} Parameters: [] [java.sql.PreparedStatement]
2014-04-20 22:09:58,760 DEBUG - {pstm-100107} Types: [] [java.sql.PreparedStatement]
2014-04-20 22:24:48,098 DEBUG - {conn-100000} Connection [java.sql.Connection]
2014-04-20 22:24:48,108 DEBUG - {conn-100000} Preparing Statement:    select * from specification                     order by sort    [java.sql.Connection]
2014-04-20 22:24:48,201 DEBUG - {pstm-100001} Executing Statement:    select * from specification                     order by sort    [java.sql.PreparedStatement]
2014-04-20 22:24:48,201 DEBUG - {pstm-100001} Parameters: [] [java.sql.PreparedStatement]
2014-04-20 22:24:48,201 DEBUG - {pstm-100001} Types: [] [java.sql.PreparedStatement]
2014-04-20 22:24:50,188 DEBUG - {conn-100003} Connection [java.sql.Connection]
2014-04-20 22:24:50,189 DEBUG - {conn-100003} Preparing Statement:      select *     from property               order by sort    [java.sql.Connection]
2014-04-20 22:24:50,196 DEBUG - {pstm-100004} Executing Statement:      select *     from property               order by sort    [java.sql.PreparedStatement]
2014-04-20 22:24:50,196 DEBUG - {pstm-100004} Parameters: [] [java.sql.PreparedStatement]
2014-04-20 22:24:50,196 DEBUG - {pstm-100004} Types: [] [java.sql.PreparedStatement]
2014-04-20 22:25:27,182 DEBUG - {conn-100006} Connection [java.sql.Connection]
2014-04-20 22:25:27,182 DEBUG - {conn-100006} Preparing Statement:    select * from specification                     order by sort    [java.sql.Connection]
2014-04-20 22:25:27,191 DEBUG - {pstm-100007} Executing Statement:    select * from specification                     order by sort    [java.sql.PreparedStatement]
2014-04-20 22:25:27,191 DEBUG - {pstm-100007} Parameters: [] [java.sql.PreparedStatement]
2014-04-20 22:25:27,191 DEBUG - {pstm-100007} Types: [] [java.sql.PreparedStatement]
2014-04-20 22:25:32,159 DEBUG - {conn-100009} Connection [java.sql.Connection]
2014-04-20 22:25:32,160 DEBUG - {conn-100009} Preparing Statement:    select a.*,    (select count(b.id) from product b where b.brand_id =a.id) product_count   from brand a                 order by sort   [java.sql.Connection]
2014-04-20 22:25:32,168 DEBUG - {pstm-100010} Executing Statement:    select a.*,    (select count(b.id) from product b where b.brand_id =a.id) product_count   from brand a                 order by sort   [java.sql.PreparedStatement]
2014-04-20 22:25:32,168 DEBUG - {pstm-100010} Parameters: [] [java.sql.PreparedStatement]
2014-04-20 22:25:32,168 DEBUG - {pstm-100010} Types: [] [java.sql.PreparedStatement]
2014-04-20 22:25:34,564 DEBUG - {conn-100012} Connection [java.sql.Connection]
2014-04-20 22:25:34,565 DEBUG - {conn-100012} Preparing Statement:      select *     from property               order by sort    [java.sql.Connection]
2014-04-20 22:25:34,572 DEBUG - {pstm-100013} Executing Statement:      select *     from property               order by sort    [java.sql.PreparedStatement]
2014-04-20 22:25:34,572 DEBUG - {pstm-100013} Parameters: [] [java.sql.PreparedStatement]
2014-04-20 22:25:34,572 DEBUG - {pstm-100013} Types: [] [java.sql.PreparedStatement]
2014-04-20 22:26:10,512 DEBUG - {conn-100015} Connection [java.sql.Connection]
2014-04-20 22:26:10,512 DEBUG - {conn-100015} Preparing Statement:    select * from specification                     order by sort    [java.sql.Connection]
2014-04-20 22:26:10,520 DEBUG - {pstm-100016} Executing Statement:    select * from specification                     order by sort    [java.sql.PreparedStatement]
2014-04-20 22:26:10,520 DEBUG - {pstm-100016} Parameters: [] [java.sql.PreparedStatement]
2014-04-20 22:26:10,520 DEBUG - {pstm-100016} Types: [] [java.sql.PreparedStatement]
2014-04-20 22:26:15,987 DEBUG - {conn-100018} Connection [java.sql.Connection]
2014-04-20 22:26:15,987 DEBUG - {conn-100018} Preparing Statement:      select *     from property               order by sort    [java.sql.Connection]
2014-04-20 22:26:15,999 DEBUG - {pstm-100019} Executing Statement:      select *     from property               order by sort    [java.sql.PreparedStatement]
2014-04-20 22:26:15,999 DEBUG - {pstm-100019} Parameters: [] [java.sql.PreparedStatement]
2014-04-20 22:26:15,999 DEBUG - {pstm-100019} Types: [] [java.sql.PreparedStatement]
2014-04-20 22:26:25,209 DEBUG - {conn-100021} Connection [java.sql.Connection]
2014-04-20 22:26:25,209 DEBUG - {conn-100021} Preparing Statement:    select * from specification                     order by sort    [java.sql.Connection]
2014-04-20 22:26:25,217 DEBUG - {pstm-100022} Executing Statement:    select * from specification                     order by sort    [java.sql.PreparedStatement]
2014-04-20 22:26:25,217 DEBUG - {pstm-100022} Parameters: [] [java.sql.PreparedStatement]
2014-04-20 22:26:25,217 DEBUG - {pstm-100022} Types: [] [java.sql.PreparedStatement]
2014-04-20 22:26:26,085 DEBUG - {conn-100024} Connection [java.sql.Connection]
2014-04-20 22:26:26,085 DEBUG - {conn-100024} Preparing Statement:      select *     from property               order by sort    [java.sql.Connection]
2014-04-20 22:26:26,095 DEBUG - {pstm-100025} Executing Statement:      select *     from property               order by sort    [java.sql.PreparedStatement]
2014-04-20 22:26:26,095 DEBUG - {pstm-100025} Parameters: [] [java.sql.PreparedStatement]
2014-04-20 22:26:26,095 DEBUG - {pstm-100025} Types: [] [java.sql.PreparedStatement]
2014-04-20 22:26:39,088 DEBUG - {conn-100027} Connection [java.sql.Connection]
2014-04-20 22:26:39,089 DEBUG - {conn-100027} Preparing Statement:    select * from specification                     order by sort    [java.sql.Connection]
2014-04-20 22:26:39,099 DEBUG - {pstm-100028} Executing Statement:    select * from specification                     order by sort    [java.sql.PreparedStatement]
2014-04-20 22:26:39,099 DEBUG - {pstm-100028} Parameters: [] [java.sql.PreparedStatement]
2014-04-20 22:26:39,099 DEBUG - {pstm-100028} Types: [] [java.sql.PreparedStatement]
2014-04-20 22:26:48,874 DEBUG - {conn-100030} Connection [java.sql.Connection]
2014-04-20 22:26:48,874 DEBUG - {conn-100030} Preparing Statement:      select *     from property               order by sort    [java.sql.Connection]
2014-04-20 22:26:48,882 DEBUG - {pstm-100031} Executing Statement:      select *     from property               order by sort    [java.sql.PreparedStatement]
2014-04-20 22:26:48,882 DEBUG - {pstm-100031} Parameters: [] [java.sql.PreparedStatement]
2014-04-20 22:26:48,882 DEBUG - {pstm-100031} Types: [] [java.sql.PreparedStatement]
2014-04-20 22:27:06,440 DEBUG - {conn-100033} Connection [java.sql.Connection]
2014-04-20 22:27:06,440 DEBUG - {conn-100033} Preparing Statement:    select * from specification                     order by sort    [java.sql.Connection]
2014-04-20 22:27:06,448 DEBUG - {pstm-100034} Executing Statement:    select * from specification                     order by sort    [java.sql.PreparedStatement]
2014-04-20 22:27:06,448 DEBUG - {pstm-100034} Parameters: [] [java.sql.PreparedStatement]
2014-04-20 22:27:06,448 DEBUG - {pstm-100034} Types: [] [java.sql.PreparedStatement]
2014-04-20 22:27:17,180 DEBUG - {conn-100036} Connection [java.sql.Connection]
2014-04-20 22:27:17,180 DEBUG - {conn-100036} Preparing Statement:      select *     from property               order by sort    [java.sql.Connection]
2014-04-20 22:27:17,191 DEBUG - {pstm-100037} Executing Statement:      select *     from property               order by sort    [java.sql.PreparedStatement]
2014-04-20 22:27:17,191 DEBUG - {pstm-100037} Parameters: [] [java.sql.PreparedStatement]
2014-04-20 22:27:17,191 DEBUG - {pstm-100037} Types: [] [java.sql.PreparedStatement]
2014-04-20 22:28:18,517 DEBUG - {conn-100039} Connection [java.sql.Connection]
2014-04-20 22:28:18,517 DEBUG - {conn-100039} Preparing Statement:    select * from specification                     order by sort    [java.sql.Connection]
2014-04-20 22:28:18,525 DEBUG - {pstm-100040} Executing Statement:    select * from specification                     order by sort    [java.sql.PreparedStatement]
2014-04-20 22:28:18,525 DEBUG - {pstm-100040} Parameters: [] [java.sql.PreparedStatement]
2014-04-20 22:28:18,525 DEBUG - {pstm-100040} Types: [] [java.sql.PreparedStatement]
2014-04-20 22:28:19,325 DEBUG - {conn-100042} Connection [java.sql.Connection]
2014-04-20 22:28:19,326 DEBUG - {conn-100042} Preparing Statement:      select *     from property               order by sort    [java.sql.Connection]
2014-04-20 22:28:19,333 DEBUG - {pstm-100043} Executing Statement:      select *     from property               order by sort    [java.sql.PreparedStatement]
2014-04-20 22:28:19,333 DEBUG - {pstm-100043} Parameters: [] [java.sql.PreparedStatement]
2014-04-20 22:28:19,333 DEBUG - {pstm-100043} Types: [] [java.sql.PreparedStatement]
2014-04-20 22:28:32,266 DEBUG - {conn-100045} Connection [java.sql.Connection]
2014-04-20 22:28:32,266 DEBUG - {conn-100045} Preparing Statement:    select * from specification                     order by sort    [java.sql.Connection]
2014-04-20 22:28:32,274 DEBUG - {pstm-100046} Executing Statement:    select * from specification                     order by sort    [java.sql.PreparedStatement]
2014-04-20 22:28:32,274 DEBUG - {pstm-100046} Parameters: [] [java.sql.PreparedStatement]
2014-04-20 22:28:32,274 DEBUG - {pstm-100046} Types: [] [java.sql.PreparedStatement]
2014-04-20 22:28:33,236 DEBUG - {conn-100048} Connection [java.sql.Connection]
2014-04-20 22:28:33,236 DEBUG - {conn-100048} Preparing Statement:      select *     from property               order by sort    [java.sql.Connection]
2014-04-20 22:28:33,244 DEBUG - {pstm-100049} Executing Statement:      select *     from property               order by sort    [java.sql.PreparedStatement]
2014-04-20 22:28:33,244 DEBUG - {pstm-100049} Parameters: [] [java.sql.PreparedStatement]
2014-04-20 22:28:33,244 DEBUG - {pstm-100049} Types: [] [java.sql.PreparedStatement]
2014-04-20 22:29:19,389 DEBUG - {conn-100051} Connection [java.sql.Connection]
2014-04-20 22:29:19,390 DEBUG - {conn-100051} Preparing Statement:    select * from specification                     order by sort    [java.sql.Connection]
2014-04-20 22:29:19,397 DEBUG - {pstm-100052} Executing Statement:    select * from specification                     order by sort    [java.sql.PreparedStatement]
2014-04-20 22:29:19,397 DEBUG - {pstm-100052} Parameters: [] [java.sql.PreparedStatement]
2014-04-20 22:29:19,397 DEBUG - {pstm-100052} Types: [] [java.sql.PreparedStatement]
2014-04-20 22:29:24,604 DEBUG - {conn-100054} Connection [java.sql.Connection]
2014-04-20 22:29:24,604 DEBUG - {conn-100054} Preparing Statement:      select *     from property               order by sort    [java.sql.Connection]
2014-04-20 22:29:24,612 DEBUG - {pstm-100055} Executing Statement:      select *     from property               order by sort    [java.sql.PreparedStatement]
2014-04-20 22:29:24,612 DEBUG - {pstm-100055} Parameters: [] [java.sql.PreparedStatement]
2014-04-20 22:29:24,612 DEBUG - {pstm-100055} Types: [] [java.sql.PreparedStatement]
2014-04-20 22:29:34,461 DEBUG - {conn-100057} Connection [java.sql.Connection]
2014-04-20 22:29:34,462 DEBUG - {conn-100057} Preparing Statement:    select * from specification                     order by sort    [java.sql.Connection]
2014-04-20 22:29:34,469 DEBUG - {pstm-100058} Executing Statement:    select * from specification                     order by sort    [java.sql.PreparedStatement]
2014-04-20 22:29:34,470 DEBUG - {pstm-100058} Parameters: [] [java.sql.PreparedStatement]
2014-04-20 22:29:34,470 DEBUG - {pstm-100058} Types: [] [java.sql.PreparedStatement]
2014-04-20 22:29:35,229 DEBUG - {conn-100060} Connection [java.sql.Connection]
2014-04-20 22:29:35,230 DEBUG - {conn-100060} Preparing Statement:      select *     from property               order by sort    [java.sql.Connection]
2014-04-20 22:29:35,237 DEBUG - {pstm-100061} Executing Statement:      select *     from property               order by sort    [java.sql.PreparedStatement]
2014-04-20 22:29:35,237 DEBUG - {pstm-100061} Parameters: [] [java.sql.PreparedStatement]
2014-04-20 22:29:35,237 DEBUG - {pstm-100061} Types: [] [java.sql.PreparedStatement]
2014-04-20 22:29:43,248 DEBUG - {conn-100063} Connection [java.sql.Connection]
2014-04-20 22:29:43,248 DEBUG - {conn-100063} Preparing Statement:    select * from specification                     order by sort    [java.sql.Connection]
2014-04-20 22:29:43,256 DEBUG - {pstm-100064} Executing Statement:    select * from specification                     order by sort    [java.sql.PreparedStatement]
2014-04-20 22:29:43,256 DEBUG - {pstm-100064} Parameters: [] [java.sql.PreparedStatement]
2014-04-20 22:29:43,256 DEBUG - {pstm-100064} Types: [] [java.sql.PreparedStatement]
2014-04-20 22:29:44,102 DEBUG - {conn-100066} Connection [java.sql.Connection]
2014-04-20 22:29:44,102 DEBUG - {conn-100066} Preparing Statement:      select *     from property               order by sort    [java.sql.Connection]
2014-04-20 22:29:44,113 DEBUG - {pstm-100067} Executing Statement:      select *     from property               order by sort    [java.sql.PreparedStatement]
2014-04-20 22:29:44,114 DEBUG - {pstm-100067} Parameters: [] [java.sql.PreparedStatement]
2014-04-20 22:29:44,114 DEBUG - {pstm-100067} Types: [] [java.sql.PreparedStatement]
2014-04-20 22:29:57,048 DEBUG - {conn-100069} Connection [java.sql.Connection]
2014-04-20 22:29:57,048 DEBUG - {conn-100069} Preparing Statement:    select * from specification                     order by sort    [java.sql.Connection]
2014-04-20 22:29:57,056 DEBUG - {pstm-100070} Executing Statement:    select * from specification                     order by sort    [java.sql.PreparedStatement]
2014-04-20 22:29:57,056 DEBUG - {pstm-100070} Parameters: [] [java.sql.PreparedStatement]
2014-04-20 22:29:57,056 DEBUG - {pstm-100070} Types: [] [java.sql.PreparedStatement]
2014-04-20 22:29:58,984 DEBUG - {conn-100072} Connection [java.sql.Connection]
2014-04-20 22:29:58,984 DEBUG - {conn-100072} Preparing Statement:      select *     from property               order by sort    [java.sql.Connection]
2014-04-20 22:29:58,991 DEBUG - {pstm-100073} Executing Statement:      select *     from property               order by sort    [java.sql.PreparedStatement]
2014-04-20 22:29:58,991 DEBUG - {pstm-100073} Parameters: [] [java.sql.PreparedStatement]
2014-04-20 22:29:58,992 DEBUG - {pstm-100073} Types: [] [java.sql.PreparedStatement]
2014-04-20 22:30:13,314 DEBUG - {conn-100075} Connection [java.sql.Connection]
2014-04-20 22:30:13,314 DEBUG - {conn-100075} Preparing Statement:    select * from specification                     order by sort    [java.sql.Connection]
2014-04-20 22:30:13,320 DEBUG - {pstm-100076} Executing Statement:    select * from specification                     order by sort    [java.sql.PreparedStatement]
2014-04-20 22:30:13,320 DEBUG - {pstm-100076} Parameters: [] [java.sql.PreparedStatement]
2014-04-20 22:30:13,320 DEBUG - {pstm-100076} Types: [] [java.sql.PreparedStatement]
2014-04-20 22:30:17,723 DEBUG - {conn-100078} Connection [java.sql.Connection]
2014-04-20 22:30:17,723 DEBUG - {conn-100078} Preparing Statement:      select *     from property               order by sort    [java.sql.Connection]
2014-04-20 22:30:17,730 DEBUG - {pstm-100079} Executing Statement:      select *     from property               order by sort    [java.sql.PreparedStatement]
2014-04-20 22:30:17,730 DEBUG - {pstm-100079} Parameters: [] [java.sql.PreparedStatement]
2014-04-20 22:30:17,730 DEBUG - {pstm-100079} Types: [] [java.sql.PreparedStatement]
2014-04-20 22:30:49,041 DEBUG - {conn-100081} Connection [java.sql.Connection]
2014-04-20 22:30:49,041 DEBUG - {conn-100081} Preparing Statement:    select * from specification                     order by sort    [java.sql.Connection]
2014-04-20 22:30:49,049 DEBUG - {pstm-100082} Executing Statement:    select * from specification                     order by sort    [java.sql.PreparedStatement]
2014-04-20 22:30:49,049 DEBUG - {pstm-100082} Parameters: [] [java.sql.PreparedStatement]
2014-04-20 22:30:49,049 DEBUG - {pstm-100082} Types: [] [java.sql.PreparedStatement]
2014-04-20 22:30:58,847 DEBUG - {conn-100084} Connection [java.sql.Connection]
2014-04-20 22:30:58,848 DEBUG - {conn-100084} Preparing Statement:    select * from specification                     order by sort    [java.sql.Connection]
2014-04-20 22:30:58,855 DEBUG - {pstm-100085} Executing Statement:    select * from specification                     order by sort    [java.sql.PreparedStatement]
2014-04-20 22:30:58,856 DEBUG - {pstm-100085} Parameters: [] [java.sql.PreparedStatement]
2014-04-20 22:30:58,856 DEBUG - {pstm-100085} Types: [] [java.sql.PreparedStatement]
2014-04-20 22:30:59,744 DEBUG - {conn-100087} Connection [java.sql.Connection]
2014-04-20 22:30:59,744 DEBUG - {conn-100087} Preparing Statement:      select *     from property               order by sort    [java.sql.Connection]
2014-04-20 22:30:59,753 DEBUG - {pstm-100088} Executing Statement:      select *     from property               order by sort    [java.sql.PreparedStatement]
2014-04-20 22:30:59,753 DEBUG - {pstm-100088} Parameters: [] [java.sql.PreparedStatement]
2014-04-20 22:30:59,753 DEBUG - {pstm-100088} Types: [] [java.sql.PreparedStatement]
2014-04-20 22:32:17,918 DEBUG - {conn-100090} Connection [java.sql.Connection]
2014-04-20 22:32:17,918 DEBUG - {conn-100090} Preparing Statement:    select * from specification                     order by sort    [java.sql.Connection]
2014-04-20 22:32:17,927 DEBUG - {pstm-100091} Executing Statement:    select * from specification                     order by sort    [java.sql.PreparedStatement]
2014-04-20 22:32:17,927 DEBUG - {pstm-100091} Parameters: [] [java.sql.PreparedStatement]
2014-04-20 22:32:17,927 DEBUG - {pstm-100091} Types: [] [java.sql.PreparedStatement]
2014-04-20 22:32:19,010 DEBUG - {conn-100093} Connection [java.sql.Connection]
2014-04-20 22:32:19,010 DEBUG - {conn-100093} Preparing Statement:      select *     from property               order by sort    [java.sql.Connection]
2014-04-20 22:32:19,022 DEBUG - {pstm-100094} Executing Statement:      select *     from property               order by sort    [java.sql.PreparedStatement]
2014-04-20 22:32:19,022 DEBUG - {pstm-100094} Parameters: [] [java.sql.PreparedStatement]
2014-04-20 22:32:19,022 DEBUG - {pstm-100094} Types: [] [java.sql.PreparedStatement]
2014-04-20 22:32:38,542 DEBUG - {conn-100096} Connection [java.sql.Connection]
2014-04-20 22:32:38,542 DEBUG - {conn-100096} Preparing Statement:    select * from specification                     order by sort    [java.sql.Connection]
2014-04-20 22:32:38,548 DEBUG - {pstm-100097} Executing Statement:    select * from specification                     order by sort    [java.sql.PreparedStatement]
2014-04-20 22:32:38,548 DEBUG - {pstm-100097} Parameters: [] [java.sql.PreparedStatement]
2014-04-20 22:32:38,548 DEBUG - {pstm-100097} Types: [] [java.sql.PreparedStatement]
2014-04-20 22:32:46,274 DEBUG - {conn-100099} Connection [java.sql.Connection]
2014-04-20 22:32:46,274 DEBUG - {conn-100099} Preparing Statement:      select *     from property               order by sort    [java.sql.Connection]
2014-04-20 22:32:46,281 DEBUG - {pstm-100100} Executing Statement:      select *     from property               order by sort    [java.sql.PreparedStatement]
2014-04-20 22:32:46,281 DEBUG - {pstm-100100} Parameters: [] [java.sql.PreparedStatement]
2014-04-20 22:32:46,282 DEBUG - {pstm-100100} Types: [] [java.sql.PreparedStatement]
2014-04-20 22:34:32,405 DEBUG - {conn-100102} Connection [java.sql.Connection]
2014-04-20 22:34:32,406 DEBUG - {conn-100102} Preparing Statement:    select * from specification                     order by sort    [java.sql.Connection]
2014-04-20 22:34:32,412 DEBUG - {pstm-100103} Executing Statement:    select * from specification                     order by sort    [java.sql.PreparedStatement]
2014-04-20 22:34:32,412 DEBUG - {pstm-100103} Parameters: [] [java.sql.PreparedStatement]
2014-04-20 22:34:32,412 DEBUG - {pstm-100103} Types: [] [java.sql.PreparedStatement]
2014-04-20 22:34:35,628 DEBUG - {conn-100105} Connection [java.sql.Connection]
2014-04-20 22:34:35,629 DEBUG - {conn-100105} Preparing Statement:      select *     from property               order by sort    [java.sql.Connection]
2014-04-20 22:34:35,636 DEBUG - {pstm-100106} Executing Statement:      select *     from property               order by sort    [java.sql.PreparedStatement]
2014-04-20 22:34:35,636 DEBUG - {pstm-100106} Parameters: [] [java.sql.PreparedStatement]
2014-04-20 22:34:35,636 DEBUG - {pstm-100106} Types: [] [java.sql.PreparedStatement]
